[2026-01-21 22:13:01.959] [merchant] [info] Glorious Merchant version 1.2.1
[2026-01-21 22:13:01.959] [merchant] [info] Loading config from C:\Program Files (x86)\ModEngine-2.1.0.0-win64\ermerchant.ini
[2026-01-21 22:13:01.963] [merchant] [info] auto_upgrade_weapons = false
[2026-01-21 22:13:01.963] [merchant] [info] all_items_free = true
[2026-01-21 22:13:01.963] [merchant] [info] Found handle for eldenring.exe process: c:\program files (x86)\steam\steamapps\common\ELDEN RING\Game\eldenring.exe
[2026-01-21 22:13:01.965] [merchant] [info] Waiting for params...
[2026-01-21 22:13:11.984] [merchant] [info] Sleeping an extra 10s to work potential compatibility issues...
[2026-01-21 22:13:21.993] [merchant] [info] Hooking messages...
[2026-01-21 22:13:21.993] [merchant] [info] Detected language "english"
[2026-01-21 22:13:21.994] [merchant] [info] Hooking shops...
[2026-01-21 22:13:21.996] [merchant] [info] Hooking talkscripts...
[2026-01-21 22:13:22.057] [merchant] [info] Initialized mod
[2026-01-21 22:16:07.253] [merchant] [info] Deinitialized mod
[2026-01-21 22:22:28.345] [merchant] [info] Glorious Merchant version 1.2.1
[2026-01-21 22:22:28.345] [merchant] [info] Loading config from C:\Program Files (x86)\ModEngine-2.1.0.0-win64\ermerchant.ini
[2026-01-21 22:22:28.345] [merchant] [info] auto_upgrade_weapons = false
[2026-01-21 22:22:28.345] [merchant] [info] all_items_free = true
[2026-01-21 22:22:28.346] [merchant] [info] Found handle for eldenring.exe process: c:\program files (x86)\steam\steamapps\common\ELDEN RING\Game\eldenring.exe
[2026-01-21 22:22:28.349] [merchant] [info] Waiting for params...
[2026-01-21 22:22:36.369] [merchant] [info] Sleeping an extra 10s to work potential compatibility issues...
[2026-01-21 22:22:46.370] [merchant] [info] Hooking messages...
[2026-01-21 22:22:46.370] [merchant] [info] Detected language "english"
[2026-01-21 22:22:46.371] [merchant] [info] Hooking shops...
[2026-01-21 22:22:46.374] [merchant] [info] Hooking talkscripts...
[2026-01-21 22:22:46.466] [merchant] [info] Initialized mod
[2026-01-21 22:25:16.149] [merchant] [info] Deinitialized mod
[2026-01-21 22:32:54.658] [merchant] [info] Glorious Merchant version 1.2.1
[2026-01-21 22:32:54.658] [merchant] [info] Loading config from C:\Program Files (x86)\ModEngine-2.1.0.0-win64\ermerchant.ini
[2026-01-21 22:32:54.658] [merchant] [info] auto_upgrade_weapons = false
[2026-01-21 22:32:54.658] [merchant] [info] all_items_free = true
[2026-01-21 22:32:54.658] [merchant] [info] Found handle for eldenring.exe process: c:\program files (x86)\steam\steamapps\common\ELDEN RING\Game\eldenring.exe
[2026-01-21 22:32:54.661] [merchant] [info] Waiting for params...
[2026-01-21 22:33:02.667] [merchant] [info] Sleeping an extra 10s to work potential compatibility issues...
[2026-01-21 22:33:12.667] [merchant] [info] Hooking messages...
[2026-01-21 22:33:12.667] [merchant] [info] Detected language "english"
[2026-01-21 22:33:12.668] [merchant] [info] Hooking shops...
[2026-01-21 22:33:12.671] [merchant] [info] Hooking talkscripts...
[2026-01-21 22:33:12.724] [merchant] [info] Initialized mod
[2026-01-21 22:34:35.790] [merchant] [info] Deinitialized mod
[2026-01-21 22:44:33.936] [merchant] [info] Glorious Merchant version 1.2.1
[2026-01-21 22:44:33.936] [merchant] [info] Loading config from C:\Program Files (x86)\ModEngine-2.1.0.0-win64\ermerchant.ini
[2026-01-21 22:44:33.936] [merchant] [info] auto_upgrade_weapons = false
[2026-01-21 22:44:33.936] [merchant] [info] all_items_free = true
[2026-01-21 22:44:33.936] [merchant] [info] Found handle for eldenring.exe process: c:\program files (x86)\steam\steamapps\common\ELDEN RING\Game\eldenring.exe
[2026-01-21 22:44:33.939] [merchant] [info] Waiting for params...
[2026-01-21 22:44:41.955] [merchant] [info] Sleeping an extra 10s to work potential compatibility issues...
[2026-01-21 22:44:51.957] [merchant] [info] Hooking messages...
[2026-01-21 22:44:51.957] [merchant] [info] Detected language "english"
[2026-01-21 22:44:51.958] [merchant] [info] Hooking shops...
[2026-01-21 22:44:51.961] [merchant] [info] Hooking talkscripts...
[2026-01-21 22:44:52.029] [merchant] [info] Initialized mod
[2026-01-21 22:47:55.081] [merchant] [info] Deinitialized mod
[2026-01-21 22:49:40.103] [merchant] [info] Glorious Merchant version 1.2.1
[2026-01-21 22:49:40.103] [merchant] [info] Loading config from C:\Program Files (x86)\ModEngine-2.1.0.0-win64\ermerchant.ini
[2026-01-21 22:49:40.103] [merchant] [info] auto_upgrade_weapons = false
[2026-01-21 22:49:40.103] [merchant] [info] all_items_free = true
[2026-01-21 22:49:40.103] [merchant] [info] Found handle for eldenring.exe process: c:\program files (x86)\steam\steamapps\common\ELDEN RING\Game\eldenring.exe
[2026-01-21 22:49:40.107] [merchant] [info] Waiting for params...
[2026-01-21 22:49:48.120] [merchant] [info] Sleeping an extra 10s to work potential compatibility issues...
[2026-01-21 22:49:58.120] [merchant] [info] Hooking messages...
[2026-01-21 22:49:58.121] [merchant] [info] Detected language "english"
[2026-01-21 22:49:58.121] [merchant] [info] Hooking shops...
[2026-01-21 22:49:58.124] [merchant] [info] Hooking talkscripts...
[2026-01-21 22:49:58.204] [merchant] [info] Initialized mod
[2026-01-21 22:54:07.960] [merchant] [info] Deinitialized mod
[2026-01-21 23:12:31.257] [merchant] [info] Glorious Merchant version 1.2.1
[2026-01-21 23:12:31.257] [merchant] [info] Loading config from C:\Program Files (x86)\ModEngine-2.1.0.0-win64\ermerchant.ini
[2026-01-21 23:12:31.261] [merchant] [info] auto_upgrade_weapons = false
[2026-01-21 23:12:31.261] [merchant] [info] all_items_free = true
[2026-01-21 23:12:31.262] [merchant] [info] Found handle for eldenring.exe process: c:\program files (x86)\steam\steamapps\common\ELDEN RING\Game\eldenring.exe
[2026-01-21 23:12:31.262] [merchant] [info] Waiting for params...
[2026-01-21 23:12:40.276] [merchant] [info] Sleeping an extra 10s to work potential compatibility issues...
[2026-01-21 23:12:50.277] [merchant] [info] Hooking messages...
[2026-01-21 23:12:50.416] [merchant] [info] Detected language "english"
[2026-01-21 23:12:50.417] [merchant] [info] Hooking shops...
[2026-01-21 23:12:50.420] [merchant] [info] Hooking talkscripts...
[2026-01-21 23:12:50.471] [merchant] [info] Initialized mod
[2026-01-21 23:14:12.810] [merchant] [info] Deinitialized mod
[2026-01-21 23:18:50.694] [merchant] [info] Glorious Merchant version 1.2.1
[2026-01-21 23:18:50.694] [merchant] [info] Loading config from C:\Program Files (x86)\ModEngine-2.1.0.0-win64\ermerchant.ini
[2026-01-21 23:18:50.694] [merchant] [info] auto_upgrade_weapons = false
[2026-01-21 23:18:50.694] [merchant] [info] all_items_free = true
[2026-01-21 23:18:50.694] [merchant] [info] Found handle for eldenring.exe process: c:\program files (x86)\steam\steamapps\common\ELDEN RING\Game\eldenring.exe
[2026-01-21 23:18:50.698] [merchant] [info] Waiting for params...
[2026-01-21 23:18:58.702] [merchant] [info] Sleeping an extra 10s to work potential compatibility issues...
[2026-01-21 23:19:08.702] [merchant] [info] Hooking messages...
[2026-01-21 23:19:08.703] [merchant] [info] Detected language "english"
[2026-01-21 23:19:08.703] [merchant] [info] Hooking shops...
[2026-01-21 23:19:08.706] [merchant] [info] Hooking talkscripts...
[2026-01-21 23:19:08.756] [merchant] [info] Initialized mod
[2026-01-21 23:23:35.353] [merchant] [info] Deinitialized mod
[2026-01-21 23:38:01.855] [merchant] [info] Glorious Merchant version 1.2.1
[2026-01-21 23:38:01.855] [merchant] [info] Loading config from C:\Program Files (x86)\ModEngine-2.1.0.0-win64\ermerchant.ini
[2026-01-21 23:38:01.855] [merchant] [info] auto_upgrade_weapons = false
[2026-01-21 23:38:01.855] [merchant] [info] all_items_free = true
[2026-01-21 23:38:01.855] [merchant] [info] Found handle for eldenring.exe process: c:\program files (x86)\steam\steamapps\common\ELDEN RING\Game\eldenring.exe
[2026-01-21 23:38:01.858] [merchant] [info] Waiting for params...
[2026-01-21 23:38:09.866] [merchant] [info] Sleeping an extra 10s to work potential compatibility issues...
[2026-01-21 23:38:19.866] [merchant] [info] Hooking messages...
[2026-01-21 23:38:19.866] [merchant] [info] Detected language "english"
[2026-01-21 23:38:19.867] [merchant] [info] Hooking shops...
[2026-01-21 23:38:19.872] [merchant] [info] Hooking talkscripts...
[2026-01-21 23:38:19.939] [merchant] [info] Initialized mod
[2026-01-21 23:39:42.976] [merchant] [info] Deinitialized mod
[2026-01-21 23:40:25.200] [merchant] [info] Glorious Merchant version 1.2.1
[2026-01-21 23:40:25.200] [merchant] [info] Loading config from C:\Program Files (x86)\ModEngine-2.1.0.0-win64\ermerchant.ini
[2026-01-21 23:40:25.200] [merchant] [info] auto_upgrade_weapons = false
[2026-01-21 23:40:25.201] [merchant] [info] all_items_free = true
[2026-01-21 23:40:25.201] [merchant] [info] Found handle for eldenring.exe process: c:\program files (x86)\steam\steamapps\common\ELDEN RING\Game\eldenring.exe
[2026-01-21 23:40:25.204] [merchant] [info] Waiting for params...
[2026-01-21 23:40:33.221] [merchant] [info] Sleeping an extra 10s to work potential compatibility issues...
[2026-01-21 23:40:43.221] [merchant] [info] Hooking messages...
[2026-01-21 23:40:43.221] [merchant] [info] Detected language "english"
[2026-01-21 23:40:43.222] [merchant] [info] Hooking shops...
[2026-01-21 23:40:43.224] [merchant] [info] Hooking talkscripts...
[2026-01-21 23:40:43.279] [merchant] [info] Initialized mod
[2026-01-21 23:40:59.561] [merchant] [info] Deinitialized mod
[2026-01-21 23:43:03.795] [merchant] [info] Glorious Merchant version 1.2.1
[2026-01-21 23:43:03.795] [merchant] [info] Loading config from C:\Program Files (x86)\ModEngine-2.1.0.0-win64\ermerchant.ini
[2026-01-21 23:43:03.795] [merchant] [info] auto_upgrade_weapons = false
[2026-01-21 23:43:03.795] [merchant] [info] all_items_free = true
[2026-01-21 23:43:03.795] [merchant] [info] Found handle for eldenring.exe process: c:\program files (x86)\steam\steamapps\common\ELDEN RING\Game\eldenring.exe
[2026-01-21 23:43:03.798] [merchant] [info] Waiting for params...
[2026-01-21 23:43:11.801] [merchant] [info] Sleeping an extra 10s to work potential compatibility issues...
[2026-01-21 23:43:21.801] [merchant] [info] Hooking messages...
[2026-01-21 23:43:21.801] [merchant] [info] Detected language "english"
[2026-01-21 23:43:21.802] [merchant] [info] Hooking shops...
[2026-01-21 23:43:21.805] [merchant] [info] Hooking talkscripts...
[2026-01-21 23:43:21.864] [merchant] [info] Initialized mod
[2026-01-21 23:45:18.278] [merchant] [info] Deinitialized mod
[2026-01-21 23:48:32.419] [merchant] [info] Glorious Merchant version 1.2.1
[2026-01-21 23:48:32.419] [merchant] [info] Loading config from C:\Program Files (x86)\ModEngine-2.1.0.0-win64\ermerchant.ini
[2026-01-21 23:48:32.419] [merchant] [info] auto_upgrade_weapons = false
[2026-01-21 23:48:32.419] [merchant] [info] all_items_free = true
[2026-01-21 23:48:32.419] [merchant] [info] Found handle for eldenring.exe process: c:\program files (x86)\steam\steamapps\common\ELDEN RING\Game\eldenring.exe
[2026-01-21 23:48:32.422] [merchant] [info] Waiting for params...
[2026-01-21 23:48:40.438] [merchant] [info] Sleeping an extra 10s to work potential compatibility issues...
[2026-01-21 23:48:50.438] [merchant] [info] Hooking messages...
[2026-01-21 23:48:50.438] [merchant] [info] Detected language "english"
[2026-01-21 23:48:50.439] [merchant] [info] Hooking shops...
[2026-01-21 23:48:50.442] [merchant] [info] Hooking talkscripts...
[2026-01-21 23:48:50.504] [merchant] [info] Initialized mod
[2026-01-21 23:49:42.192] [merchant] [info] Deinitialized mod
[2026-01-21 23:57:07.005] [merchant] [info] Glorious Merchant version 1.2.1
[2026-01-21 23:57:07.005] [merchant] [info] Loading config from C:\Program Files (x86)\ModEngine-2.1.0.0-win64\ermerchant.ini
[2026-01-21 23:57:07.006] [merchant] [info] auto_upgrade_weapons = false
[2026-01-21 23:57:07.006] [merchant] [info] all_items_free = true
[2026-01-21 23:57:07.006] [merchant] [info] Found handle for eldenring.exe process: c:\program files (x86)\steam\steamapps\common\ELDEN RING\Game\eldenring.exe
[2026-01-21 23:57:07.009] [merchant] [info] Waiting for params...
[2026-01-21 23:57:15.023] [merchant] [info] Sleeping an extra 10s to work potential compatibility issues...
[2026-01-21 23:57:25.024] [merchant] [info] Hooking messages...
[2026-01-21 23:57:25.024] [merchant] [info] Detected language "english"
[2026-01-21 23:57:25.025] [merchant] [info] Hooking shops...
[2026-01-21 23:57:25.029] [merchant] [info] Hooking talkscripts...
[2026-01-21 23:57:25.107] [merchant] [info] Initialized mod
[2026-01-21 23:59:38.165] [merchant] [info] Deinitialized mod
