[2026-01-24 09:53:31.056] [merchant] [info] Glorious Merchant version 1.2.1
[2026-01-24 09:53:31.056] [merchant] [info] Loading config from C:\Program Files (x86)\ModEngine-2.1.0.0-win64\ermerchant.ini
[2026-01-24 09:53:31.056] [merchant] [info] auto_upgrade_weapons = false
[2026-01-24 09:53:31.056] [merchant] [info] all_items_free = true
[2026-01-24 09:53:31.056] [merchant] [info] Found handle for eldenring.exe process: c:\program files (x86)\steam\steamapps\common\ELDEN RING\Game\eldenring.exe
[2026-01-24 09:53:31.060] [merchant] [info] Waiting for params...
[2026-01-24 09:53:40.066] [merchant] [info] Sleeping an extra 10s to work potential compatibility issues...
[2026-01-24 09:53:50.068] [merchant] [info] Hooking messages...
[2026-01-24 09:53:50.068] [merchant] [info] Detected language "english"
[2026-01-24 09:53:50.069] [merchant] [info] Hooking shops...
[2026-01-24 09:53:50.072] [merchant] [info] Hooking talkscripts...
[2026-01-24 09:53:50.144] [merchant] [info] Initialized mod
[2026-01-24 09:55:12.213] [merchant] [info] Deinitialized mod
[2026-01-24 09:58:15.955] [merchant] [info] Glorious Merchant version 1.2.1
[2026-01-24 09:58:15.955] [merchant] [info] Loading config from C:\Program Files (x86)\ModEngine-2.1.0.0-win64\ermerchant.ini
[2026-01-24 09:58:15.960] [merchant] [info] auto_upgrade_weapons = false
[2026-01-24 09:58:15.960] [merchant] [info] all_items_free = true
[2026-01-24 09:58:15.960] [merchant] [info] Found handle for eldenring.exe process: c:\program files (x86)\steam\steamapps\common\ELDEN RING\Game\eldenring.exe
[2026-01-24 09:58:15.961] [merchant] [info] Waiting for params...
[2026-01-24 09:58:24.973] [merchant] [info] Sleeping an extra 10s to work potential compatibility issues...
[2026-01-24 09:58:34.975] [merchant] [info] Hooking messages...
[2026-01-24 09:58:34.975] [merchant] [info] Detected language "english"
[2026-01-24 09:58:34.976] [merchant] [info] Hooking shops...
[2026-01-24 09:58:34.978] [merchant] [info] Hooking talkscripts...
[2026-01-24 09:58:35.097] [merchant] [info] Initialized mod
[2026-01-24 09:59:57.899] [merchant] [info] Deinitialized mod
[2026-01-24 10:06:01.421] [merchant] [info] Glorious Merchant version 1.2.1
[2026-01-24 10:06:01.421] [merchant] [info] Loading config from C:\Program Files (x86)\ModEngine-2.1.0.0-win64\ermerchant.ini
[2026-01-24 10:06:01.421] [merchant] [info] auto_upgrade_weapons = false
[2026-01-24 10:06:01.421] [merchant] [info] all_items_free = true
[2026-01-24 10:06:01.421] [merchant] [info] Found handle for eldenring.exe process: c:\program files (x86)\steam\steamapps\common\ELDEN RING\Game\eldenring.exe
[2026-01-24 10:06:01.424] [merchant] [info] Waiting for params...
[2026-01-24 10:06:09.440] [merchant] [info] Sleeping an extra 10s to work potential compatibility issues...
[2026-01-24 10:06:19.441] [merchant] [info] Hooking messages...
[2026-01-24 10:06:19.441] [merchant] [info] Detected language "english"
[2026-01-24 10:06:19.442] [merchant] [info] Hooking shops...
[2026-01-24 10:06:19.445] [merchant] [info] Hooking talkscripts...
[2026-01-24 10:06:19.523] [merchant] [info] Initialized mod
[2026-01-24 10:07:42.526] [merchant] [info] Deinitialized mod
[2026-01-24 10:08:28.717] [merchant] [info] Glorious Merchant version 1.2.1
[2026-01-24 10:08:28.717] [merchant] [info] Loading config from C:\Program Files (x86)\ModEngine-2.1.0.0-win64\ermerchant.ini
[2026-01-24 10:08:28.717] [merchant] [info] auto_upgrade_weapons = false
[2026-01-24 10:08:28.717] [merchant] [info] all_items_free = true
[2026-01-24 10:08:28.717] [merchant] [info] Found handle for eldenring.exe process: c:\program files (x86)\steam\steamapps\common\ELDEN RING\Game\eldenring.exe
[2026-01-24 10:08:28.721] [merchant] [info] Waiting for params...
[2026-01-24 10:08:36.741] [merchant] [info] Sleeping an extra 10s to work potential compatibility issues...
[2026-01-24 10:08:46.743] [merchant] [info] Hooking messages...
[2026-01-24 10:08:46.743] [merchant] [info] Detected language "english"
[2026-01-24 10:08:46.744] [merchant] [info] Hooking shops...
[2026-01-24 10:08:46.747] [merchant] [info] Hooking talkscripts...
[2026-01-24 10:08:46.804] [merchant] [info] Initialized mod
[2026-01-24 10:10:26.525] [merchant] [info] Deinitialized mod
[2026-01-24 10:12:52.275] [merchant] [info] Glorious Merchant version 1.2.1
[2026-01-24 10:12:52.275] [merchant] [info] Loading config from C:\Program Files (x86)\ModEngine-2.1.0.0-win64\ermerchant.ini
[2026-01-24 10:12:52.275] [merchant] [info] auto_upgrade_weapons = false
[2026-01-24 10:12:52.275] [merchant] [info] all_items_free = true
[2026-01-24 10:12:52.275] [merchant] [info] Found handle for eldenring.exe process: c:\program files (x86)\steam\steamapps\common\ELDEN RING\Game\eldenring.exe
[2026-01-24 10:12:52.279] [merchant] [info] Waiting for params...
[2026-01-24 10:13:00.298] [merchant] [info] Sleeping an extra 10s to work potential compatibility issues...
[2026-01-24 10:13:10.299] [merchant] [info] Hooking messages...
[2026-01-24 10:13:10.299] [merchant] [info] Detected language "english"
[2026-01-24 10:13:10.300] [merchant] [info] Hooking shops...
[2026-01-24 10:13:10.303] [merchant] [info] Hooking talkscripts...
[2026-01-24 10:13:10.424] [merchant] [info] Initialized mod
[2026-01-24 10:14:33.400] [merchant] [info] Deinitialized mod
[2026-01-24 10:16:03.291] [merchant] [info] Glorious Merchant version 1.2.1
[2026-01-24 10:16:03.291] [merchant] [info] Loading config from C:\Program Files (x86)\ModEngine-2.1.0.0-win64\ermerchant.ini
[2026-01-24 10:16:03.291] [merchant] [info] auto_upgrade_weapons = false
[2026-01-24 10:16:03.291] [merchant] [info] all_items_free = true
[2026-01-24 10:16:03.291] [merchant] [info] Found handle for eldenring.exe process: c:\program files (x86)\steam\steamapps\common\ELDEN RING\Game\eldenring.exe
[2026-01-24 10:16:03.294] [merchant] [info] Waiting for params...
[2026-01-24 10:16:11.308] [merchant] [info] Sleeping an extra 10s to work potential compatibility issues...
[2026-01-24 10:16:21.310] [merchant] [info] Hooking messages...
[2026-01-24 10:16:21.310] [merchant] [info] Detected language "english"
[2026-01-24 10:16:21.311] [merchant] [info] Hooking shops...
[2026-01-24 10:16:21.313] [merchant] [info] Hooking talkscripts...
[2026-01-24 10:16:21.477] [merchant] [info] Initialized mod
[2026-01-24 10:17:44.390] [merchant] [info] Deinitialized mod
[2026-01-24 10:21:30.259] [merchant] [info] Glorious Merchant version 1.2.1
[2026-01-24 10:21:30.259] [merchant] [info] Loading config from C:\Program Files (x86)\ModEngine-2.1.0.0-win64\ermerchant.ini
[2026-01-24 10:21:30.259] [merchant] [info] auto_upgrade_weapons = false
[2026-01-24 10:21:30.259] [merchant] [info] all_items_free = true
[2026-01-24 10:21:30.260] [merchant] [info] Found handle for eldenring.exe process: c:\program files (x86)\steam\steamapps\common\ELDEN RING\Game\eldenring.exe
[2026-01-24 10:21:30.263] [merchant] [info] Waiting for params...
[2026-01-24 10:21:39.276] [merchant] [info] Sleeping an extra 10s to work potential compatibility issues...
[2026-01-24 10:21:49.279] [merchant] [info] Hooking messages...
[2026-01-24 10:21:49.279] [merchant] [info] Detected language "english"
[2026-01-24 10:21:49.280] [merchant] [info] Hooking shops...
[2026-01-24 10:21:49.282] [merchant] [info] Hooking talkscripts...
[2026-01-24 10:21:49.338] [merchant] [info] Initialized mod
[2026-01-24 10:22:54.727] [merchant] [info] Deinitialized mod
[2026-01-24 10:43:11.473] [merchant] [info] Glorious Merchant version 1.2.1
[2026-01-24 10:43:11.473] [merchant] [info] Loading config from C:\Program Files (x86)\ModEngine-2.1.0.0-win64\ermerchant.ini
[2026-01-24 10:43:11.473] [merchant] [info] auto_upgrade_weapons = false
[2026-01-24 10:43:11.473] [merchant] [info] all_items_free = true
[2026-01-24 10:43:11.473] [merchant] [info] Found handle for eldenring.exe process: c:\program files (x86)\steam\steamapps\common\ELDEN RING\Game\eldenring.exe
[2026-01-24 10:43:11.477] [merchant] [info] Waiting for params...
[2026-01-24 10:43:19.496] [merchant] [info] Sleeping an extra 10s to work potential compatibility issues...
[2026-01-24 10:43:29.498] [merchant] [info] Hooking messages...
[2026-01-24 10:43:29.499] [merchant] [info] Detected language "english"
[2026-01-24 10:43:29.499] [merchant] [info] Hooking shops...
[2026-01-24 10:43:29.502] [merchant] [info] Hooking talkscripts...
[2026-01-24 10:43:29.572] [merchant] [info] Initialized mod
[2026-01-24 10:45:09.302] [merchant] [info] Deinitialized mod
[2026-01-24 10:45:23.622] [merchant] [info] Glorious Merchant version 1.2.1
[2026-01-24 10:45:23.622] [merchant] [info] Loading config from C:\Program Files (x86)\ModEngine-2.1.0.0-win64\ermerchant.ini
[2026-01-24 10:45:23.622] [merchant] [info] auto_upgrade_weapons = false
[2026-01-24 10:45:23.622] [merchant] [info] all_items_free = true
[2026-01-24 10:45:23.622] [merchant] [info] Found handle for eldenring.exe process: c:\program files (x86)\steam\steamapps\common\ELDEN RING\Game\eldenring.exe
[2026-01-24 10:45:23.626] [merchant] [info] Waiting for params...
[2026-01-24 10:45:31.642] [merchant] [info] Sleeping an extra 10s to work potential compatibility issues...
[2026-01-24 10:45:41.644] [merchant] [info] Hooking messages...
[2026-01-24 10:45:41.644] [merchant] [info] Detected language "english"
[2026-01-24 10:45:41.644] [merchant] [info] Hooking shops...
[2026-01-24 10:45:41.647] [merchant] [info] Hooking talkscripts...
[2026-01-24 10:45:41.754] [merchant] [info] Initialized mod
[2026-01-24 10:46:31.401] [merchant] [info] Deinitialized mod
[2026-01-24 10:54:30.342] [merchant] [info] Glorious Merchant version 1.2.1
[2026-01-24 10:54:30.342] [merchant] [info] Loading config from C:\Program Files (x86)\ModEngine-2.1.0.0-win64\ermerchant.ini
[2026-01-24 10:54:30.342] [merchant] [info] auto_upgrade_weapons = false
[2026-01-24 10:54:30.342] [merchant] [info] all_items_free = true
[2026-01-24 10:54:30.342] [merchant] [info] Found handle for eldenring.exe process: c:\program files (x86)\steam\steamapps\common\ELDEN RING\Game\eldenring.exe
[2026-01-24 10:54:30.346] [merchant] [info] Waiting for params...
[2026-01-24 10:54:38.361] [merchant] [info] Sleeping an extra 10s to work potential compatibility issues...
[2026-01-24 10:54:48.362] [merchant] [info] Hooking messages...
[2026-01-24 10:54:48.362] [merchant] [info] Detected language "english"
[2026-01-24 10:54:48.363] [merchant] [info] Hooking shops...
[2026-01-24 10:54:48.365] [merchant] [info] Hooking talkscripts...
[2026-01-24 10:54:48.487] [merchant] [info] Initialized mod
[2026-01-24 10:55:54.803] [merchant] [info] Deinitialized mod
[2026-01-24 11:32:13.886] [merchant] [info] Glorious Merchant version 1.2.1
[2026-01-24 11:32:13.886] [merchant] [info] Loading config from C:\Program Files (x86)\ModEngine-2.1.0.0-win64\ermerchant.ini
[2026-01-24 11:32:13.886] [merchant] [info] auto_upgrade_weapons = false
[2026-01-24 11:32:13.886] [merchant] [info] all_items_free = true
[2026-01-24 11:32:13.886] [merchant] [info] Found handle for eldenring.exe process: c:\program files (x86)\steam\steamapps\common\ELDEN RING\Game\eldenring.exe
[2026-01-24 11:32:13.887] [merchant] [info] Waiting for params...
[2026-01-24 11:32:22.901] [merchant] [info] Sleeping an extra 10s to work potential compatibility issues...
[2026-01-24 11:32:32.903] [merchant] [info] Hooking messages...
[2026-01-24 11:32:32.903] [merchant] [info] Detected language "english"
[2026-01-24 11:32:32.904] [merchant] [info] Hooking shops...
[2026-01-24 11:32:32.906] [merchant] [info] Hooking talkscripts...
[2026-01-24 11:32:33.021] [merchant] [info] Initialized mod
[2026-01-24 11:33:21.707] [merchant] [info] Deinitialized mod
[2026-01-24 11:34:17.082] [merchant] [info] Glorious Merchant version 1.2.1
[2026-01-24 11:34:17.082] [merchant] [info] Loading config from C:\Program Files (x86)\ModEngine-2.1.0.0-win64\ermerchant.ini
[2026-01-24 11:34:17.082] [merchant] [info] auto_upgrade_weapons = false
[2026-01-24 11:34:17.082] [merchant] [info] all_items_free = true
[2026-01-24 11:34:17.082] [merchant] [info] Found handle for eldenring.exe process: c:\program files (x86)\steam\steamapps\common\ELDEN RING\Game\eldenring.exe
[2026-01-24 11:34:17.086] [merchant] [info] Waiting for params...
[2026-01-24 11:34:25.095] [merchant] [info] Sleeping an extra 10s to work potential compatibility issues...
[2026-01-24 11:34:35.095] [merchant] [info] Hooking messages...
[2026-01-24 11:34:35.096] [merchant] [info] Detected language "english"
[2026-01-24 11:34:35.096] [merchant] [info] Hooking shops...
[2026-01-24 11:34:35.099] [merchant] [info] Hooking talkscripts...
[2026-01-24 11:34:35.160] [merchant] [info] Initialized mod
[2026-01-24 11:35:41.575] [merchant] [info] Deinitialized mod
[2026-01-24 11:45:55.678] [merchant] [info] Glorious Merchant version 1.2.1
[2026-01-24 11:45:55.678] [merchant] [info] Loading config from C:\Program Files (x86)\ModEngine-2.1.0.0-win64\ermerchant.ini
[2026-01-24 11:45:55.678] [merchant] [info] auto_upgrade_weapons = false
[2026-01-24 11:45:55.678] [merchant] [info] all_items_free = true
[2026-01-24 11:45:55.678] [merchant] [info] Found handle for eldenring.exe process: c:\program files (x86)\steam\steamapps\common\ELDEN RING\Game\eldenring.exe
[2026-01-24 11:45:55.693] [merchant] [info] Waiting for params...
[2026-01-24 11:46:03.703] [merchant] [info] Sleeping an extra 10s to work potential compatibility issues...
[2026-01-24 11:46:13.704] [merchant] [info] Hooking messages...
[2026-01-24 11:46:13.704] [merchant] [info] Detected language "english"
[2026-01-24 11:46:13.705] [merchant] [info] Hooking shops...
[2026-01-24 11:46:13.709] [merchant] [info] Hooking talkscripts...
[2026-01-24 11:46:13.782] [merchant] [info] Initialized mod
[2026-01-24 11:47:20.190] [merchant] [info] Deinitialized mod
[2026-01-24 11:57:08.330] [merchant] [info] Glorious Merchant version 1.2.1
[2026-01-24 11:57:08.330] [merchant] [info] Loading config from C:\Program Files (x86)\ModEngine-2.1.0.0-win64\ermerchant.ini
[2026-01-24 11:57:08.331] [merchant] [info] auto_upgrade_weapons = false
[2026-01-24 11:57:08.331] [merchant] [info] all_items_free = true
[2026-01-24 11:57:08.331] [merchant] [info] Found handle for eldenring.exe process: c:\program files (x86)\steam\steamapps\common\ELDEN RING\Game\eldenring.exe
[2026-01-24 11:57:08.334] [merchant] [info] Waiting for params...
[2026-01-24 11:57:16.352] [merchant] [info] Sleeping an extra 10s to work potential compatibility issues...
[2026-01-24 11:57:26.352] [merchant] [info] Hooking messages...
[2026-01-24 11:57:26.352] [merchant] [info] Detected language "english"
[2026-01-24 11:57:26.353] [merchant] [info] Hooking shops...
[2026-01-24 11:57:26.356] [merchant] [info] Hooking talkscripts...
[2026-01-24 11:57:26.484] [merchant] [info] Initialized mod
[2026-01-24 11:58:16.117] [merchant] [info] Deinitialized mod
[2026-01-24 11:59:15.755] [merchant] [info] Glorious Merchant version 1.2.1
[2026-01-24 11:59:15.755] [merchant] [info] Loading config from C:\Program Files (x86)\ModEngine-2.1.0.0-win64\ermerchant.ini
[2026-01-24 11:59:15.755] [merchant] [info] auto_upgrade_weapons = false
[2026-01-24 11:59:15.755] [merchant] [info] all_items_free = true
[2026-01-24 11:59:15.755] [merchant] [info] Found handle for eldenring.exe process: c:\program files (x86)\steam\steamapps\common\ELDEN RING\Game\eldenring.exe
[2026-01-24 11:59:15.759] [merchant] [info] Waiting for params...
[2026-01-24 11:59:23.765] [merchant] [info] Sleeping an extra 10s to work potential compatibility issues...
[2026-01-24 11:59:33.765] [merchant] [info] Hooking messages...
[2026-01-24 11:59:33.766] [merchant] [info] Detected language "english"
[2026-01-24 11:59:33.766] [merchant] [info] Hooking shops...
[2026-01-24 11:59:33.769] [merchant] [info] Hooking talkscripts...
[2026-01-24 11:59:33.855] [merchant] [info] Initialized mod
[2026-01-24 12:00:23.551] [merchant] [info] Deinitialized mod
[2026-01-24 12:24:51.926] [merchant] [info] Glorious Merchant version 1.2.1
[2026-01-24 12:24:51.926] [merchant] [info] Loading config from C:\Program Files (x86)\ModEngine-2.1.0.0-win64\ermerchant.ini
[2026-01-24 12:24:51.926] [merchant] [info] auto_upgrade_weapons = false
[2026-01-24 12:24:51.926] [merchant] [info] all_items_free = true
[2026-01-24 12:24:51.926] [merchant] [info] Found handle for eldenring.exe process: c:\program files (x86)\steam\steamapps\common\ELDEN RING\Game\eldenring.exe
[2026-01-24 12:24:51.930] [merchant] [info] Waiting for params...
[2026-01-24 12:24:59.944] [merchant] [info] Sleeping an extra 10s to work potential compatibility issues...
[2026-01-24 12:25:09.945] [merchant] [info] Hooking messages...
[2026-01-24 12:25:09.945] [merchant] [info] Detected language "english"
[2026-01-24 12:25:09.946] [merchant] [info] Hooking shops...
[2026-01-24 12:25:09.948] [merchant] [info] Hooking talkscripts...
[2026-01-24 12:25:10.023] [merchant] [info] Initialized mod
[2026-01-24 12:25:59.822] [merchant] [info] Deinitialized mod
[2026-01-24 12:26:33.055] [merchant] [info] Glorious Merchant version 1.2.1
[2026-01-24 12:26:33.055] [merchant] [info] Loading config from C:\Program Files (x86)\ModEngine-2.1.0.0-win64\ermerchant.ini
[2026-01-24 12:26:33.055] [merchant] [info] auto_upgrade_weapons = false
[2026-01-24 12:26:33.055] [merchant] [info] all_items_free = true
[2026-01-24 12:26:33.055] [merchant] [info] Found handle for eldenring.exe process: c:\program files (x86)\steam\steamapps\common\ELDEN RING\Game\eldenring.exe
[2026-01-24 12:26:33.061] [merchant] [info] Waiting for params...
[2026-01-24 12:26:42.068] [merchant] [info] Sleeping an extra 10s to work potential compatibility issues...
[2026-01-24 12:26:52.068] [merchant] [info] Hooking messages...
[2026-01-24 12:26:52.068] [merchant] [info] Detected language "english"
[2026-01-24 12:26:52.069] [merchant] [info] Hooking shops...
[2026-01-24 12:26:52.071] [merchant] [info] Hooking talkscripts...
[2026-01-24 12:26:52.221] [merchant] [info] Initialized mod
[2026-01-24 12:28:14.224] [merchant] [info] Deinitialized mod
[2026-01-24 12:29:00.057] [merchant] [info] Glorious Merchant version 1.2.1
[2026-01-24 12:29:00.057] [merchant] [info] Loading config from C:\Program Files (x86)\ModEngine-2.1.0.0-win64\ermerchant.ini
[2026-01-24 12:29:00.057] [merchant] [info] auto_upgrade_weapons = false
[2026-01-24 12:29:00.057] [merchant] [info] all_items_free = true
[2026-01-24 12:29:00.057] [merchant] [info] Found handle for eldenring.exe process: c:\program files (x86)\steam\steamapps\common\ELDEN RING\Game\eldenring.exe
[2026-01-24 12:29:00.061] [merchant] [info] Waiting for params...
[2026-01-24 12:29:08.070] [merchant] [info] Sleeping an extra 10s to work potential compatibility issues...
[2026-01-24 12:29:18.071] [merchant] [info] Hooking messages...
[2026-01-24 12:29:18.071] [merchant] [info] Detected language "english"
[2026-01-24 12:29:18.072] [merchant] [info] Hooking shops...
[2026-01-24 12:29:18.074] [merchant] [info] Hooking talkscripts...
[2026-01-24 12:29:18.138] [merchant] [info] Initialized mod
[2026-01-24 12:30:07.834] [merchant] [info] Deinitialized mod
[2026-01-24 12:31:02.785] [merchant] [info] Glorious Merchant version 1.2.1
[2026-01-24 12:31:02.785] [merchant] [info] Loading config from C:\Program Files (x86)\ModEngine-2.1.0.0-win64\ermerchant.ini
[2026-01-24 12:31:02.786] [merchant] [info] auto_upgrade_weapons = false
[2026-01-24 12:31:02.786] [merchant] [info] all_items_free = true
[2026-01-24 12:31:02.786] [merchant] [info] Found handle for eldenring.exe process: c:\program files (x86)\steam\steamapps\common\ELDEN RING\Game\eldenring.exe
[2026-01-24 12:31:02.789] [merchant] [info] Waiting for params...
[2026-01-24 12:31:10.805] [merchant] [info] Sleeping an extra 10s to work potential compatibility issues...
[2026-01-24 12:31:20.807] [merchant] [info] Hooking messages...
[2026-01-24 12:31:20.807] [merchant] [info] Detected language "english"
[2026-01-24 12:31:20.808] [merchant] [info] Hooking shops...
[2026-01-24 12:31:20.810] [merchant] [info] Hooking talkscripts...
[2026-01-24 12:31:20.884] [merchant] [info] Initialized mod
[2026-01-24 12:32:10.598] [merchant] [info] Deinitialized mod
[2026-01-24 12:32:24.644] [merchant] [info] Glorious Merchant version 1.2.1
[2026-01-24 12:32:24.644] [merchant] [info] Loading config from C:\Program Files (x86)\ModEngine-2.1.0.0-win64\ermerchant.ini
[2026-01-24 12:32:24.644] [merchant] [info] auto_upgrade_weapons = false
[2026-01-24 12:32:24.644] [merchant] [info] all_items_free = true
[2026-01-24 12:32:24.644] [merchant] [info] Found handle for eldenring.exe process: c:\program files (x86)\steam\steamapps\common\ELDEN RING\Game\eldenring.exe
[2026-01-24 12:32:24.648] [merchant] [info] Waiting for params...
[2026-01-24 12:32:32.660] [merchant] [info] Sleeping an extra 10s to work potential compatibility issues...
[2026-01-24 12:32:42.660] [merchant] [info] Hooking messages...
[2026-01-24 12:32:42.660] [merchant] [info] Detected language "english"
[2026-01-24 12:32:42.661] [merchant] [info] Hooking shops...
[2026-01-24 12:32:42.664] [merchant] [info] Hooking talkscripts...
[2026-01-24 12:32:42.751] [merchant] [info] Initialized mod
[2026-01-24 12:33:49.196] [merchant] [info] Deinitialized mod
[2026-01-24 13:41:31.166] [merchant] [info] Glorious Merchant version 1.2.1
[2026-01-24 13:41:31.166] [merchant] [info] Loading config from C:\Program Files (x86)\ModEngine-2.1.0.0-win64\ermerchant.ini
[2026-01-24 13:41:31.166] [merchant] [info] auto_upgrade_weapons = false
[2026-01-24 13:41:31.166] [merchant] [info] all_items_free = true
[2026-01-24 13:41:31.167] [merchant] [info] Found handle for eldenring.exe process: c:\program files (x86)\steam\steamapps\common\ELDEN RING\Game\eldenring.exe
[2026-01-24 13:41:31.171] [merchant] [info] Waiting for params...
[2026-01-24 13:41:40.180] [merchant] [info] Sleeping an extra 10s to work potential compatibility issues...
[2026-01-24 13:41:50.182] [merchant] [info] Hooking messages...
[2026-01-24 13:41:50.182] [merchant] [info] Detected language "english"
[2026-01-24 13:41:50.182] [merchant] [info] Hooking shops...
[2026-01-24 13:41:50.185] [merchant] [info] Hooking talkscripts...
[2026-01-24 13:41:50.258] [merchant] [info] Initialized mod
[2026-01-24 13:43:29.057] [merchant] [info] Deinitialized mod
[2026-01-24 13:43:45.479] [merchant] [info] Glorious Merchant version 1.2.1
[2026-01-24 13:43:45.479] [merchant] [info] Loading config from C:\Program Files (x86)\ModEngine-2.1.0.0-win64\ermerchant.ini
[2026-01-24 13:43:45.479] [merchant] [info] auto_upgrade_weapons = false
[2026-01-24 13:43:45.479] [merchant] [info] all_items_free = true
[2026-01-24 13:43:45.479] [merchant] [info] Found handle for eldenring.exe process: c:\program files (x86)\steam\steamapps\common\ELDEN RING\Game\eldenring.exe
[2026-01-24 13:43:45.485] [merchant] [info] Waiting for params...
[2026-01-24 13:43:53.493] [merchant] [info] Sleeping an extra 10s to work potential compatibility issues...
[2026-01-24 13:44:03.494] [merchant] [info] Hooking messages...
[2026-01-24 13:44:03.494] [merchant] [info] Detected language "english"
[2026-01-24 13:44:03.495] [merchant] [info] Hooking shops...
[2026-01-24 13:44:03.497] [merchant] [info] Hooking talkscripts...
[2026-01-24 13:44:03.622] [merchant] [info] Initialized mod
[2026-01-24 13:46:00.363] [merchant] [info] Deinitialized mod
[2026-01-24 13:48:52.510] [merchant] [info] Glorious Merchant version 1.2.1
[2026-01-24 13:48:52.510] [merchant] [info] Loading config from C:\Program Files (x86)\ModEngine-2.1.0.0-win64\ermerchant.ini
[2026-01-24 13:48:52.510] [merchant] [info] auto_upgrade_weapons = false
[2026-01-24 13:48:52.510] [merchant] [info] all_items_free = true
[2026-01-24 13:48:52.510] [merchant] [info] Found handle for eldenring.exe process: c:\program files (x86)\steam\steamapps\common\ELDEN RING\Game\eldenring.exe
[2026-01-24 13:48:52.514] [merchant] [info] Waiting for params...
[2026-01-24 13:49:00.526] [merchant] [info] Sleeping an extra 10s to work potential compatibility issues...
[2026-01-24 13:49:10.527] [merchant] [info] Hooking messages...
[2026-01-24 13:49:10.528] [merchant] [info] Detected language "english"
[2026-01-24 13:49:10.528] [merchant] [info] Hooking shops...
[2026-01-24 13:49:10.531] [merchant] [info] Hooking talkscripts...
[2026-01-24 13:49:10.662] [merchant] [info] Initialized mod
[2026-01-24 13:50:00.340] [merchant] [info] Deinitialized mod
[2026-01-24 13:50:54.997] [merchant] [info] Glorious Merchant version 1.2.1
[2026-01-24 13:50:54.997] [merchant] [info] Loading config from C:\Program Files (x86)\ModEngine-2.1.0.0-win64\ermerchant.ini
[2026-01-24 13:50:54.997] [merchant] [info] auto_upgrade_weapons = false
[2026-01-24 13:50:54.997] [merchant] [info] all_items_free = true
[2026-01-24 13:50:54.997] [merchant] [info] Found handle for eldenring.exe process: c:\program files (x86)\steam\steamapps\common\ELDEN RING\Game\eldenring.exe
[2026-01-24 13:50:55.003] [merchant] [info] Waiting for params...
[2026-01-24 13:51:03.012] [merchant] [info] Sleeping an extra 10s to work potential compatibility issues...
[2026-01-24 13:51:13.012] [merchant] [info] Hooking messages...
[2026-01-24 13:51:13.012] [merchant] [info] Detected language "english"
[2026-01-24 13:51:13.013] [merchant] [info] Hooking shops...
[2026-01-24 13:51:13.015] [merchant] [info] Hooking talkscripts...
[2026-01-24 13:51:13.101] [merchant] [info] Initialized mod
[2026-01-24 13:52:52.834] [merchant] [info] Deinitialized mod
[2026-01-24 13:55:19.116] [merchant] [info] Glorious Merchant version 1.2.1
[2026-01-24 13:55:19.116] [merchant] [info] Loading config from C:\Program Files (x86)\ModEngine-2.1.0.0-win64\ermerchant.ini
[2026-01-24 13:55:19.116] [merchant] [info] auto_upgrade_weapons = false
[2026-01-24 13:55:19.116] [merchant] [info] all_items_free = true
[2026-01-24 13:55:19.116] [merchant] [info] Found handle for eldenring.exe process: c:\program files (x86)\steam\steamapps\common\ELDEN RING\Game\eldenring.exe
[2026-01-24 13:55:19.120] [merchant] [info] Waiting for params...
[2026-01-24 13:55:27.124] [merchant] [info] Sleeping an extra 10s to work potential compatibility issues...
[2026-01-24 13:55:37.126] [merchant] [info] Hooking messages...
[2026-01-24 13:55:37.126] [merchant] [info] Detected language "english"
[2026-01-24 13:55:37.127] [merchant] [info] Hooking shops...
[2026-01-24 13:55:37.129] [merchant] [info] Hooking talkscripts...
[2026-01-24 13:55:37.194] [merchant] [info] Initialized mod
[2026-01-24 13:56:43.638] [merchant] [info] Deinitialized mod
[2026-01-24 14:07:19.559] [merchant] [info] Glorious Merchant version 1.2.1
[2026-01-24 14:07:19.559] [merchant] [info] Loading config from C:\Program Files (x86)\ModEngine-2.1.0.0-win64\ermerchant.ini
[2026-01-24 14:07:19.559] [merchant] [info] auto_upgrade_weapons = false
[2026-01-24 14:07:19.559] [merchant] [info] all_items_free = true
[2026-01-24 14:07:19.560] [merchant] [info] Found handle for eldenring.exe process: c:\program files (x86)\steam\steamapps\common\ELDEN RING\Game\eldenring.exe
[2026-01-24 14:07:19.565] [merchant] [info] Waiting for params...
[2026-01-24 14:07:27.574] [merchant] [info] Sleeping an extra 10s to work potential compatibility issues...
[2026-01-24 14:07:37.574] [merchant] [info] Hooking messages...
[2026-01-24 14:07:37.574] [merchant] [info] Detected language "english"
[2026-01-24 14:07:37.575] [merchant] [info] Hooking shops...
[2026-01-24 14:07:37.578] [merchant] [info] Hooking talkscripts...
[2026-01-24 14:07:37.667] [merchant] [info] Initialized mod
[2026-01-24 14:08:44.038] [merchant] [info] Deinitialized mod
[2026-01-24 14:10:16.852] [merchant] [info] Glorious Merchant version 1.2.1
[2026-01-24 14:10:16.852] [merchant] [info] Loading config from C:\Program Files (x86)\ModEngine-2.1.0.0-win64\ermerchant.ini
[2026-01-24 14:10:16.852] [merchant] [info] auto_upgrade_weapons = false
[2026-01-24 14:10:16.852] [merchant] [info] all_items_free = true
[2026-01-24 14:10:16.853] [merchant] [info] Found handle for eldenring.exe process: c:\program files (x86)\steam\steamapps\common\ELDEN RING\Game\eldenring.exe
[2026-01-24 14:10:16.856] [merchant] [info] Waiting for params...
[2026-01-24 14:10:24.871] [merchant] [info] Sleeping an extra 10s to work potential compatibility issues...
[2026-01-24 14:10:34.872] [merchant] [info] Hooking messages...
[2026-01-24 14:10:34.872] [merchant] [info] Detected language "english"
[2026-01-24 14:10:34.873] [merchant] [info] Hooking shops...
[2026-01-24 14:10:34.875] [merchant] [info] Hooking talkscripts...
[2026-01-24 14:10:34.990] [merchant] [info] Initialized mod
[2026-01-24 14:11:41.308] [merchant] [info] Deinitialized mod
[2026-01-24 14:14:21.586] [merchant] [info] Glorious Merchant version 1.2.1
[2026-01-24 14:14:21.586] [merchant] [info] Loading config from C:\Program Files (x86)\ModEngine-2.1.0.0-win64\ermerchant.ini
[2026-01-24 14:14:21.586] [merchant] [info] auto_upgrade_weapons = false
[2026-01-24 14:14:21.586] [merchant] [info] all_items_free = true
[2026-01-24 14:14:21.586] [merchant] [info] Found handle for eldenring.exe process: c:\program files (x86)\steam\steamapps\common\ELDEN RING\Game\eldenring.exe
[2026-01-24 14:14:21.590] [merchant] [info] Waiting for params...
[2026-01-24 14:14:29.605] [merchant] [info] Sleeping an extra 10s to work potential compatibility issues...
[2026-01-24 14:14:39.606] [merchant] [info] Hooking messages...
[2026-01-24 14:14:39.606] [merchant] [info] Detected language "english"
[2026-01-24 14:14:39.607] [merchant] [info] Hooking shops...
[2026-01-24 14:14:39.609] [merchant] [info] Hooking talkscripts...
[2026-01-24 14:14:39.680] [merchant] [info] Initialized mod
[2026-01-24 14:15:46.062] [merchant] [info] Deinitialized mod
[2026-01-24 14:15:53.225] [merchant] [info] Glorious Merchant version 1.2.1
[2026-01-24 14:15:53.225] [merchant] [info] Loading config from C:\Program Files (x86)\ModEngine-2.1.0.0-win64\ermerchant.ini
[2026-01-24 14:15:53.225] [merchant] [info] auto_upgrade_weapons = false
[2026-01-24 14:15:53.225] [merchant] [info] all_items_free = true
[2026-01-24 14:15:53.226] [merchant] [info] Found handle for eldenring.exe process: c:\program files (x86)\steam\steamapps\common\ELDEN RING\Game\eldenring.exe
[2026-01-24 14:15:53.229] [merchant] [info] Waiting for params...
[2026-01-24 14:16:01.245] [merchant] [info] Sleeping an extra 10s to work potential compatibility issues...
[2026-01-24 14:16:11.245] [merchant] [info] Hooking messages...
[2026-01-24 14:16:11.245] [merchant] [info] Detected language "english"
[2026-01-24 14:16:11.246] [merchant] [info] Hooking shops...
[2026-01-24 14:16:11.248] [merchant] [info] Hooking talkscripts...
[2026-01-24 14:16:11.359] [merchant] [info] Initialized mod
[2026-01-24 14:17:17.683] [merchant] [info] Deinitialized mod
[2026-01-24 14:17:29.973] [merchant] [info] Glorious Merchant version 1.2.1
[2026-01-24 14:17:29.973] [merchant] [info] Loading config from C:\Program Files (x86)\ModEngine-2.1.0.0-win64\ermerchant.ini
[2026-01-24 14:17:29.973] [merchant] [info] auto_upgrade_weapons = false
[2026-01-24 14:17:29.973] [merchant] [info] all_items_free = true
[2026-01-24 14:17:29.973] [merchant] [info] Found handle for eldenring.exe process: c:\program files (x86)\steam\steamapps\common\ELDEN RING\Game\eldenring.exe
[2026-01-24 14:17:29.976] [merchant] [info] Waiting for params...
[2026-01-24 14:17:37.990] [merchant] [info] Sleeping an extra 10s to work potential compatibility issues...
[2026-01-24 14:17:47.991] [merchant] [info] Hooking messages...
[2026-01-24 14:17:47.991] [merchant] [info] Detected language "english"
[2026-01-24 14:17:47.992] [merchant] [info] Hooking shops...
[2026-01-24 14:17:47.994] [merchant] [info] Hooking talkscripts...
[2026-01-24 14:17:48.087] [merchant] [info] Initialized mod
[2026-01-24 14:19:11.150] [merchant] [info] Deinitialized mod
[2026-01-24 14:19:28.275] [merchant] [info] Glorious Merchant version 1.2.1
[2026-01-24 14:19:28.275] [merchant] [info] Loading config from C:\Program Files (x86)\ModEngine-2.1.0.0-win64\ermerchant.ini
[2026-01-24 14:19:28.275] [merchant] [info] auto_upgrade_weapons = false
[2026-01-24 14:19:28.275] [merchant] [info] all_items_free = true
[2026-01-24 14:19:28.275] [merchant] [info] Found handle for eldenring.exe process: c:\program files (x86)\steam\steamapps\common\ELDEN RING\Game\eldenring.exe
[2026-01-24 14:19:28.279] [merchant] [info] Waiting for params...
[2026-01-24 14:19:37.286] [merchant] [info] Sleeping an extra 10s to work potential compatibility issues...
[2026-01-24 14:19:47.286] [merchant] [info] Hooking messages...
[2026-01-24 14:19:47.287] [merchant] [info] Detected language "english"
[2026-01-24 14:19:47.287] [merchant] [info] Hooking shops...
[2026-01-24 14:19:47.290] [merchant] [info] Hooking talkscripts...
[2026-01-24 14:19:47.349] [merchant] [info] Initialized mod
[2026-01-24 14:23:06.083] [merchant] [info] Deinitialized mod
[2026-01-24 14:23:19.990] [merchant] [info] Glorious Merchant version 1.2.1
[2026-01-24 14:23:19.990] [merchant] [info] Loading config from C:\Program Files (x86)\ModEngine-2.1.0.0-win64\ermerchant.ini
[2026-01-24 14:23:19.990] [merchant] [info] auto_upgrade_weapons = false
[2026-01-24 14:23:19.990] [merchant] [info] all_items_free = true
[2026-01-24 14:23:19.990] [merchant] [info] Found handle for eldenring.exe process: c:\program files (x86)\steam\steamapps\common\ELDEN RING\Game\eldenring.exe
[2026-01-24 14:23:19.994] [merchant] [info] Waiting for params...
[2026-01-24 14:23:28.012] [merchant] [info] Sleeping an extra 10s to work potential compatibility issues...
[2026-01-24 14:23:38.014] [merchant] [info] Hooking messages...
[2026-01-24 14:23:38.014] [merchant] [info] Detected language "english"
[2026-01-24 14:23:38.014] [merchant] [info] Hooking shops...
[2026-01-24 14:23:38.017] [merchant] [info] Hooking talkscripts...
[2026-01-24 14:23:38.094] [merchant] [info] Initialized mod
[2026-01-24 14:24:27.790] [merchant] [info] Deinitialized mod
[2026-01-24 14:24:41.843] [merchant] [info] Glorious Merchant version 1.2.1
[2026-01-24 14:24:41.843] [merchant] [info] Loading config from C:\Program Files (x86)\ModEngine-2.1.0.0-win64\ermerchant.ini
[2026-01-24 14:24:41.843] [merchant] [info] auto_upgrade_weapons = false
[2026-01-24 14:24:41.843] [merchant] [info] all_items_free = true
[2026-01-24 14:24:41.843] [merchant] [info] Found handle for eldenring.exe process: c:\program files (x86)\steam\steamapps\common\ELDEN RING\Game\eldenring.exe
[2026-01-24 14:24:41.847] [merchant] [info] Waiting for params...
[2026-01-24 14:24:49.852] [merchant] [info] Sleeping an extra 10s to work potential compatibility issues...
[2026-01-24 14:24:59.854] [merchant] [info] Hooking messages...
[2026-01-24 14:24:59.854] [merchant] [info] Detected language "english"
[2026-01-24 14:24:59.855] [merchant] [info] Hooking shops...
[2026-01-24 14:24:59.857] [merchant] [info] Hooking talkscripts...
[2026-01-24 14:24:59.930] [merchant] [info] Initialized mod
[2026-01-24 14:26:06.377] [merchant] [info] Deinitialized mod
[2026-01-24 14:27:15.265] [merchant] [info] Glorious Merchant version 1.2.1
[2026-01-24 14:27:15.265] [merchant] [info] Loading config from C:\Program Files (x86)\ModEngine-2.1.0.0-win64\ermerchant.ini
[2026-01-24 14:27:15.266] [merchant] [info] auto_upgrade_weapons = false
[2026-01-24 14:27:15.266] [merchant] [info] all_items_free = true
[2026-01-24 14:27:15.266] [merchant] [info] Found handle for eldenring.exe process: c:\program files (x86)\steam\steamapps\common\ELDEN RING\Game\eldenring.exe
[2026-01-24 14:27:15.269] [merchant] [info] Waiting for params...
[2026-01-24 14:27:23.275] [merchant] [info] Sleeping an extra 10s to work potential compatibility issues...
[2026-01-24 14:27:33.276] [merchant] [info] Hooking messages...
[2026-01-24 14:27:33.276] [merchant] [info] Detected language "english"
[2026-01-24 14:27:33.277] [merchant] [info] Hooking shops...
[2026-01-24 14:27:33.279] [merchant] [info] Hooking talkscripts...
[2026-01-24 14:27:33.365] [merchant] [info] Initialized mod
[2026-01-24 14:28:56.396] [merchant] [info] Deinitialized mod
[2026-01-24 14:31:31.083] [merchant] [info] Glorious Merchant version 1.2.1
[2026-01-24 14:31:31.083] [merchant] [info] Loading config from C:\Program Files (x86)\ModEngine-2.1.0.0-win64\ermerchant.ini
[2026-01-24 14:31:31.083] [merchant] [info] auto_upgrade_weapons = false
[2026-01-24 14:31:31.083] [merchant] [info] all_items_free = true
[2026-01-24 14:31:31.083] [merchant] [info] Found handle for eldenring.exe process: c:\program files (x86)\steam\steamapps\common\ELDEN RING\Game\eldenring.exe
[2026-01-24 14:31:31.087] [merchant] [info] Waiting for params...
[2026-01-24 14:31:40.105] [merchant] [info] Sleeping an extra 10s to work potential compatibility issues...
[2026-01-24 14:31:50.106] [merchant] [info] Hooking messages...
[2026-01-24 14:31:50.106] [merchant] [info] Detected language "english"
[2026-01-24 14:31:50.107] [merchant] [info] Hooking shops...
[2026-01-24 14:31:50.109] [merchant] [info] Hooking talkscripts...
[2026-01-24 14:31:50.180] [merchant] [info] Initialized mod
[2026-01-24 14:32:55.618] [merchant] [info] Deinitialized mod
[2026-01-24 14:34:08.211] [merchant] [info] Glorious Merchant version 1.2.1
[2026-01-24 14:34:08.211] [merchant] [info] Loading config from C:\Program Files (x86)\ModEngine-2.1.0.0-win64\ermerchant.ini
[2026-01-24 14:34:08.211] [merchant] [info] auto_upgrade_weapons = false
[2026-01-24 14:34:08.211] [merchant] [info] all_items_free = true
[2026-01-24 14:34:08.211] [merchant] [info] Found handle for eldenring.exe process: c:\program files (x86)\steam\steamapps\common\ELDEN RING\Game\eldenring.exe
[2026-01-24 14:34:08.215] [merchant] [info] Waiting for params...
[2026-01-24 14:34:17.225] [merchant] [info] Sleeping an extra 10s to work potential compatibility issues...
[2026-01-24 14:34:27.249] [merchant] [info] Hooking messages...
[2026-01-24 14:34:27.249] [merchant] [info] Detected language "english"
[2026-01-24 14:34:27.250] [merchant] [info] Hooking shops...
[2026-01-24 14:34:27.252] [merchant] [info] Hooking talkscripts...
[2026-01-24 14:34:27.452] [merchant] [info] Initialized mod
[2026-01-24 14:35:49.369] [merchant] [info] Deinitialized mod
[2026-01-24 14:39:13.660] [merchant] [info] Glorious Merchant version 1.2.1
[2026-01-24 14:39:13.660] [merchant] [info] Loading config from C:\Program Files (x86)\ModEngine-2.1.0.0-win64\ermerchant.ini
[2026-01-24 14:39:13.660] [merchant] [info] auto_upgrade_weapons = false
[2026-01-24 14:39:13.660] [merchant] [info] all_items_free = true
[2026-01-24 14:39:13.660] [merchant] [info] Found handle for eldenring.exe process: c:\program files (x86)\steam\steamapps\common\ELDEN RING\Game\eldenring.exe
[2026-01-24 14:39:13.664] [merchant] [info] Waiting for params...
[2026-01-24 14:39:22.682] [merchant] [info] Sleeping an extra 10s to work potential compatibility issues...
[2026-01-24 14:39:32.682] [merchant] [info] Hooking messages...
[2026-01-24 14:39:32.682] [merchant] [info] Detected language "english"
[2026-01-24 14:39:32.683] [merchant] [info] Hooking shops...
[2026-01-24 14:39:32.685] [merchant] [info] Hooking talkscripts...
[2026-01-24 14:39:32.802] [merchant] [info] Initialized mod
[2026-01-24 14:42:34.892] [merchant] [info] Deinitialized mod
[2026-01-24 15:57:57.994] [merchant] [info] Glorious Merchant version 1.2.1
[2026-01-24 15:57:57.994] [merchant] [info] Loading config from C:\Program Files (x86)\ModEngine-2.1.0.0-win64\ermerchant.ini
[2026-01-24 15:57:57.994] [merchant] [info] auto_upgrade_weapons = false
[2026-01-24 15:57:57.994] [merchant] [info] all_items_free = true
[2026-01-24 15:57:57.994] [merchant] [info] Found handle for eldenring.exe process: c:\program files (x86)\steam\steamapps\common\ELDEN RING\Game\eldenring.exe
[2026-01-24 15:57:57.998] [merchant] [info] Waiting for params...
[2026-01-24 15:58:06.002] [merchant] [info] Sleeping an extra 10s to work potential compatibility issues...
[2026-01-24 15:58:16.003] [merchant] [info] Hooking messages...
[2026-01-24 15:58:16.003] [merchant] [info] Detected language "english"
[2026-01-24 15:58:16.004] [merchant] [info] Hooking shops...
[2026-01-24 15:58:16.007] [merchant] [info] Hooking talkscripts...
[2026-01-24 15:58:16.088] [merchant] [info] Initialized mod
[2026-01-24 15:59:39.190] [merchant] [info] Deinitialized mod
[2026-01-24 16:00:32.623] [merchant] [info] Glorious Merchant version 1.2.1
[2026-01-24 16:00:32.623] [merchant] [info] Loading config from C:\Program Files (x86)\ModEngine-2.1.0.0-win64\ermerchant.ini
[2026-01-24 16:00:32.623] [merchant] [info] auto_upgrade_weapons = false
[2026-01-24 16:00:32.623] [merchant] [info] all_items_free = true
[2026-01-24 16:00:32.623] [merchant] [info] Found handle for eldenring.exe process: c:\program files (x86)\steam\steamapps\common\ELDEN RING\Game\eldenring.exe
[2026-01-24 16:00:32.636] [merchant] [info] Waiting for params...
[2026-01-24 16:00:40.642] [merchant] [info] Sleeping an extra 10s to work potential compatibility issues...
[2026-01-24 16:00:50.643] [merchant] [info] Hooking messages...
[2026-01-24 16:00:50.643] [merchant] [info] Detected language "english"
[2026-01-24 16:00:50.644] [merchant] [info] Hooking shops...
[2026-01-24 16:00:50.646] [merchant] [info] Hooking talkscripts...
[2026-01-24 16:00:50.733] [merchant] [info] Initialized mod
[2026-01-24 16:01:40.564] [merchant] [info] Deinitialized mod
[2026-01-24 16:02:01.028] [merchant] [info] Glorious Merchant version 1.2.1
[2026-01-24 16:02:01.028] [merchant] [info] Loading config from C:\Program Files (x86)\ModEngine-2.1.0.0-win64\ermerchant.ini
[2026-01-24 16:02:01.028] [merchant] [info] auto_upgrade_weapons = false
[2026-01-24 16:02:01.028] [merchant] [info] all_items_free = true
[2026-01-24 16:02:01.028] [merchant] [info] Found handle for eldenring.exe process: c:\program files (x86)\steam\steamapps\common\ELDEN RING\Game\eldenring.exe
[2026-01-24 16:02:01.035] [merchant] [info] Waiting for params...
[2026-01-24 16:02:10.056] [merchant] [info] Sleeping an extra 10s to work potential compatibility issues...
[2026-01-24 16:02:20.056] [merchant] [info] Hooking messages...
[2026-01-24 16:02:20.056] [merchant] [info] Detected language "english"
[2026-01-24 16:02:20.057] [merchant] [info] Hooking shops...
[2026-01-24 16:02:20.059] [merchant] [info] Hooking talkscripts...
[2026-01-24 16:02:20.194] [merchant] [info] Initialized mod
[2026-01-24 16:03:58.903] [merchant] [info] Deinitialized mod
[2026-01-24 16:04:34.275] [merchant] [info] Glorious Merchant version 1.2.1
[2026-01-24 16:04:34.275] [merchant] [info] Loading config from C:\Program Files (x86)\ModEngine-2.1.0.0-win64\ermerchant.ini
[2026-01-24 16:04:34.275] [merchant] [info] auto_upgrade_weapons = false
[2026-01-24 16:04:34.275] [merchant] [info] all_items_free = true
[2026-01-24 16:04:34.275] [merchant] [info] Found handle for eldenring.exe process: c:\program files (x86)\steam\steamapps\common\ELDEN RING\Game\eldenring.exe
[2026-01-24 16:04:34.280] [merchant] [info] Waiting for params...
[2026-01-24 16:04:43.286] [merchant] [info] Sleeping an extra 10s to work potential compatibility issues...
[2026-01-24 16:04:53.287] [merchant] [info] Hooking messages...
[2026-01-24 16:04:53.287] [merchant] [info] Detected language "english"
[2026-01-24 16:04:53.287] [merchant] [info] Hooking shops...
[2026-01-24 16:04:53.290] [merchant] [info] Hooking talkscripts...
[2026-01-24 16:04:53.349] [merchant] [info] Initialized mod
[2026-01-24 16:05:42.117] [merchant] [info] Deinitialized mod
[2026-01-24 16:05:52.559] [merchant] [info] Glorious Merchant version 1.2.1
[2026-01-24 16:05:52.559] [merchant] [info] Loading config from C:\Program Files (x86)\ModEngine-2.1.0.0-win64\ermerchant.ini
[2026-01-24 16:05:52.559] [merchant] [info] auto_upgrade_weapons = false
[2026-01-24 16:05:52.560] [merchant] [info] all_items_free = true
[2026-01-24 16:05:52.560] [merchant] [info] Found handle for eldenring.exe process: c:\program files (x86)\steam\steamapps\common\ELDEN RING\Game\eldenring.exe
[2026-01-24 16:05:52.565] [merchant] [info] Waiting for params...
[2026-01-24 16:06:01.575] [merchant] [info] Sleeping an extra 10s to work potential compatibility issues...
[2026-01-24 16:06:11.575] [merchant] [info] Hooking messages...
[2026-01-24 16:06:11.575] [merchant] [info] Detected language "english"
[2026-01-24 16:06:11.576] [merchant] [info] Hooking shops...
[2026-01-24 16:06:11.578] [merchant] [info] Hooking talkscripts...
[2026-01-24 16:06:11.660] [merchant] [info] Initialized mod
[2026-01-24 16:07:50.457] [merchant] [info] Deinitialized mod
[2026-01-24 16:08:23.744] [merchant] [info] Glorious Merchant version 1.2.1
[2026-01-24 16:08:23.744] [merchant] [info] Loading config from C:\Program Files (x86)\ModEngine-2.1.0.0-win64\ermerchant.ini
[2026-01-24 16:08:23.744] [merchant] [info] auto_upgrade_weapons = false
[2026-01-24 16:08:23.744] [merchant] [info] all_items_free = true
[2026-01-24 16:08:23.744] [merchant] [info] Found handle for eldenring.exe process: c:\program files (x86)\steam\steamapps\common\ELDEN RING\Game\eldenring.exe
[2026-01-24 16:08:23.750] [merchant] [info] Waiting for params...
[2026-01-24 16:08:32.761] [merchant] [info] Sleeping an extra 10s to work potential compatibility issues...
[2026-01-24 16:08:42.762] [merchant] [info] Hooking messages...
[2026-01-24 16:08:42.762] [merchant] [info] Detected language "english"
[2026-01-24 16:08:42.762] [merchant] [info] Hooking shops...
[2026-01-24 16:08:42.765] [merchant] [info] Hooking talkscripts...
[2026-01-24 16:08:42.875] [merchant] [info] Initialized mod
[2026-01-24 16:09:14.898] [merchant] [info] Deinitialized mod
[2026-01-24 16:09:29.425] [merchant] [info] Glorious Merchant version 1.2.1
[2026-01-24 16:09:29.425] [merchant] [info] Loading config from C:\Program Files (x86)\ModEngine-2.1.0.0-win64\ermerchant.ini
[2026-01-24 16:09:29.425] [merchant] [info] auto_upgrade_weapons = false
[2026-01-24 16:09:29.425] [merchant] [info] all_items_free = true
[2026-01-24 16:09:29.425] [merchant] [info] Found handle for eldenring.exe process: c:\program files (x86)\steam\steamapps\common\ELDEN RING\Game\eldenring.exe
[2026-01-24 16:09:29.431] [merchant] [info] Waiting for params...
[2026-01-24 16:09:38.446] [merchant] [info] Sleeping an extra 10s to work potential compatibility issues...
[2026-01-24 16:09:48.448] [merchant] [info] Hooking messages...
[2026-01-24 16:09:48.448] [merchant] [info] Detected language "english"
[2026-01-24 16:09:48.449] [merchant] [info] Hooking shops...
[2026-01-24 16:09:48.451] [merchant] [info] Hooking talkscripts...
[2026-01-24 16:09:48.576] [merchant] [info] Initialized mod
[2026-01-24 16:10:37.320] [merchant] [info] Deinitialized mod
[2026-01-24 16:11:57.066] [merchant] [info] Glorious Merchant version 1.2.1
[2026-01-24 16:11:57.066] [merchant] [info] Loading config from C:\Program Files (x86)\ModEngine-2.1.0.0-win64\ermerchant.ini
[2026-01-24 16:11:57.066] [merchant] [info] auto_upgrade_weapons = false
[2026-01-24 16:11:57.066] [merchant] [info] all_items_free = true
[2026-01-24 16:11:57.066] [merchant] [info] Found handle for eldenring.exe process: c:\program files (x86)\steam\steamapps\common\ELDEN RING\Game\eldenring.exe
[2026-01-24 16:11:57.070] [merchant] [info] Waiting for params...
[2026-01-24 16:12:06.079] [merchant] [info] Sleeping an extra 10s to work potential compatibility issues...
[2026-01-24 16:12:16.080] [merchant] [info] Hooking messages...
[2026-01-24 16:12:16.080] [merchant] [info] Detected language "english"
[2026-01-24 16:12:16.080] [merchant] [info] Hooking shops...
[2026-01-24 16:12:16.083] [merchant] [info] Hooking talkscripts...
[2026-01-24 16:12:16.166] [merchant] [info] Initialized mod
[2026-01-24 16:13:04.890] [merchant] [info] Deinitialized mod
[2026-01-24 16:17:50.065] [merchant] [info] Glorious Merchant version 1.2.1
[2026-01-24 16:17:50.065] [merchant] [info] Loading config from C:\Program Files (x86)\ModEngine-2.1.0.0-win64\ermerchant.ini
[2026-01-24 16:17:50.065] [merchant] [info] auto_upgrade_weapons = false
[2026-01-24 16:17:50.065] [merchant] [info] all_items_free = true
[2026-01-24 16:17:50.065] [merchant] [info] Found handle for eldenring.exe process: c:\program files (x86)\steam\steamapps\common\ELDEN RING\Game\eldenring.exe
[2026-01-24 16:17:50.071] [merchant] [info] Waiting for params...
[2026-01-24 16:17:59.078] [merchant] [info] Sleeping an extra 10s to work potential compatibility issues...
[2026-01-24 16:18:09.079] [merchant] [info] Hooking messages...
[2026-01-24 16:18:09.079] [merchant] [info] Detected language "english"
[2026-01-24 16:18:09.080] [merchant] [info] Hooking shops...
[2026-01-24 16:18:09.082] [merchant] [info] Hooking talkscripts...
[2026-01-24 16:18:09.150] [merchant] [info] Initialized mod
[2026-01-24 16:18:41.297] [merchant] [info] Deinitialized mod
[2026-01-24 16:19:16.688] [merchant] [info] Glorious Merchant version 1.2.1
[2026-01-24 16:19:16.688] [merchant] [info] Loading config from C:\Program Files (x86)\ModEngine-2.1.0.0-win64\ermerchant.ini
[2026-01-24 16:19:16.688] [merchant] [info] auto_upgrade_weapons = false
[2026-01-24 16:19:16.688] [merchant] [info] all_items_free = true
[2026-01-24 16:19:16.688] [merchant] [info] Found handle for eldenring.exe process: c:\program files (x86)\steam\steamapps\common\ELDEN RING\Game\eldenring.exe
[2026-01-24 16:19:16.692] [merchant] [info] Waiting for params...
[2026-01-24 16:19:24.698] [merchant] [info] Sleeping an extra 10s to work potential compatibility issues...
[2026-01-24 16:19:34.699] [merchant] [info] Hooking messages...
[2026-01-24 16:19:34.699] [merchant] [info] Detected language "english"
[2026-01-24 16:19:34.700] [merchant] [info] Hooking shops...
[2026-01-24 16:19:34.702] [merchant] [info] Hooking talkscripts...
[2026-01-24 16:19:34.811] [merchant] [info] Initialized mod
[2026-01-24 16:20:24.821] [merchant] [info] Deinitialized mod
[2026-01-24 16:21:43.479] [merchant] [info] Glorious Merchant version 1.2.1
[2026-01-24 16:21:43.479] [merchant] [info] Loading config from C:\Program Files (x86)\ModEngine-2.1.0.0-win64\ermerchant.ini
[2026-01-24 16:21:43.479] [merchant] [info] auto_upgrade_weapons = false
[2026-01-24 16:21:43.479] [merchant] [info] all_items_free = true
[2026-01-24 16:21:43.480] [merchant] [info] Found handle for eldenring.exe process: c:\program files (x86)\steam\steamapps\common\ELDEN RING\Game\eldenring.exe
[2026-01-24 16:21:43.484] [merchant] [info] Waiting for params...
[2026-01-24 16:21:52.499] [merchant] [info] Sleeping an extra 10s to work potential compatibility issues...
[2026-01-24 16:22:02.501] [merchant] [info] Hooking messages...
[2026-01-24 16:22:02.501] [merchant] [info] Detected language "english"
[2026-01-24 16:22:02.502] [merchant] [info] Hooking shops...
[2026-01-24 16:22:02.504] [merchant] [info] Hooking talkscripts...
[2026-01-24 16:22:02.593] [merchant] [info] Initialized mod
[2026-01-24 16:23:24.658] [merchant] [info] Deinitialized mod
[2026-01-24 16:23:46.375] [merchant] [info] Glorious Merchant version 1.2.1
[2026-01-24 16:23:46.375] [merchant] [info] Loading config from C:\Program Files (x86)\ModEngine-2.1.0.0-win64\ermerchant.ini
[2026-01-24 16:23:46.375] [merchant] [info] auto_upgrade_weapons = false
[2026-01-24 16:23:46.375] [merchant] [info] all_items_free = true
[2026-01-24 16:23:46.375] [merchant] [info] Found handle for eldenring.exe process: c:\program files (x86)\steam\steamapps\common\ELDEN RING\Game\eldenring.exe
[2026-01-24 16:23:46.379] [merchant] [info] Waiting for params...
[2026-01-24 16:23:55.395] [merchant] [info] Sleeping an extra 10s to work potential compatibility issues...
[2026-01-24 16:24:05.396] [merchant] [info] Hooking messages...
[2026-01-24 16:24:05.397] [merchant] [info] Detected language "english"
[2026-01-24 16:24:05.397] [merchant] [info] Hooking shops...
[2026-01-24 16:24:05.400] [merchant] [info] Hooking talkscripts...
[2026-01-24 16:24:05.461] [merchant] [info] Initialized mod
[2026-01-24 16:25:44.259] [merchant] [info] Deinitialized mod
[2026-01-24 16:27:14.002] [merchant] [info] Glorious Merchant version 1.2.1
[2026-01-24 16:27:14.002] [merchant] [info] Loading config from C:\Program Files (x86)\ModEngine-2.1.0.0-win64\ermerchant.ini
[2026-01-24 16:27:14.007] [merchant] [info] auto_upgrade_weapons = false
[2026-01-24 16:27:14.007] [merchant] [info] all_items_free = true
[2026-01-24 16:27:14.007] [merchant] [info] Found handle for eldenring.exe process: c:\program files (x86)\steam\steamapps\common\ELDEN RING\Game\eldenring.exe
[2026-01-24 16:27:14.008] [merchant] [info] Waiting for params...
[2026-01-24 16:27:23.021] [merchant] [info] Sleeping an extra 10s to work potential compatibility issues...
[2026-01-24 16:27:33.021] [merchant] [info] Hooking messages...
[2026-01-24 16:27:33.021] [merchant] [info] Detected language "english"
[2026-01-24 16:27:33.022] [merchant] [info] Hooking shops...
[2026-01-24 16:27:33.025] [merchant] [info] Hooking talkscripts...
[2026-01-24 16:27:33.097] [merchant] [info] Initialized mod
[2026-01-24 16:28:21.879] [merchant] [info] Deinitialized mod
[2026-01-24 16:28:42.697] [merchant] [info] Glorious Merchant version 1.2.1
[2026-01-24 16:28:42.697] [merchant] [info] Loading config from C:\Program Files (x86)\ModEngine-2.1.0.0-win64\ermerchant.ini
[2026-01-24 16:28:42.697] [merchant] [info] auto_upgrade_weapons = false
[2026-01-24 16:28:42.697] [merchant] [info] all_items_free = true
[2026-01-24 16:28:42.697] [merchant] [info] Found handle for eldenring.exe process: c:\program files (x86)\steam\steamapps\common\ELDEN RING\Game\eldenring.exe
[2026-01-24 16:28:42.701] [merchant] [info] Waiting for params...
[2026-01-24 16:28:51.713] [merchant] [info] Sleeping an extra 10s to work potential compatibility issues...
[2026-01-24 16:29:01.713] [merchant] [info] Hooking messages...
[2026-01-24 16:29:01.713] [merchant] [info] Detected language "english"
[2026-01-24 16:29:01.713] [merchant] [info] Hooking shops...
[2026-01-24 16:29:01.716] [merchant] [info] Hooking talkscripts...
[2026-01-24 16:29:01.812] [merchant] [info] Initialized mod
[2026-01-24 16:29:50.588] [merchant] [info] Deinitialized mod
[2026-01-24 16:30:02.710] [merchant] [info] Glorious Merchant version 1.2.1
[2026-01-24 16:30:02.710] [merchant] [info] Loading config from C:\Program Files (x86)\ModEngine-2.1.0.0-win64\ermerchant.ini
[2026-01-24 16:30:02.711] [merchant] [info] auto_upgrade_weapons = false
[2026-01-24 16:30:02.711] [merchant] [info] all_items_free = true
[2026-01-24 16:30:02.711] [merchant] [info] Found handle for eldenring.exe process: c:\program files (x86)\steam\steamapps\common\ELDEN RING\Game\eldenring.exe
[2026-01-24 16:30:02.715] [merchant] [info] Waiting for params...
[2026-01-24 16:30:11.734] [merchant] [info] Sleeping an extra 10s to work potential compatibility issues...
[2026-01-24 16:30:21.734] [merchant] [info] Hooking messages...
[2026-01-24 16:30:21.734] [merchant] [info] Detected language "english"
[2026-01-24 16:30:21.734] [merchant] [info] Hooking shops...
[2026-01-24 16:30:21.737] [merchant] [info] Hooking talkscripts...
[2026-01-24 16:30:21.808] [merchant] [info] Initialized mod
[2026-01-24 16:31:44.111] [merchant] [info] Deinitialized mod
[2026-01-24 16:32:28.207] [merchant] [info] Glorious Merchant version 1.2.1
[2026-01-24 16:32:28.207] [merchant] [info] Loading config from C:\Program Files (x86)\ModEngine-2.1.0.0-win64\ermerchant.ini
[2026-01-24 16:32:28.207] [merchant] [info] auto_upgrade_weapons = false
[2026-01-24 16:32:28.207] [merchant] [info] all_items_free = true
[2026-01-24 16:32:28.207] [merchant] [info] Found handle for eldenring.exe process: c:\program files (x86)\steam\steamapps\common\ELDEN RING\Game\eldenring.exe
[2026-01-24 16:32:28.211] [merchant] [info] Waiting for params...
[2026-01-24 16:32:37.230] [merchant] [info] Sleeping an extra 10s to work potential compatibility issues...
[2026-01-24 16:32:47.231] [merchant] [info] Hooking messages...
[2026-01-24 16:32:47.231] [merchant] [info] Detected language "english"
[2026-01-24 16:32:47.232] [merchant] [info] Hooking shops...
[2026-01-24 16:32:47.234] [merchant] [info] Hooking talkscripts...
[2026-01-24 16:32:47.458] [merchant] [info] Initialized mod
[2026-01-24 16:33:52.676] [merchant] [info] Deinitialized mod
[2026-01-24 16:34:58.156] [merchant] [info] Glorious Merchant version 1.2.1
[2026-01-24 16:34:58.156] [merchant] [info] Loading config from C:\Program Files (x86)\ModEngine-2.1.0.0-win64\ermerchant.ini
[2026-01-24 16:34:58.156] [merchant] [info] auto_upgrade_weapons = false
[2026-01-24 16:34:58.156] [merchant] [info] all_items_free = true
[2026-01-24 16:34:58.156] [merchant] [info] Found handle for eldenring.exe process: c:\program files (x86)\steam\steamapps\common\ELDEN RING\Game\eldenring.exe
[2026-01-24 16:34:58.161] [merchant] [info] Waiting for params...
[2026-01-24 16:35:07.172] [merchant] [info] Sleeping an extra 10s to work potential compatibility issues...
[2026-01-24 16:35:17.174] [merchant] [info] Hooking messages...
[2026-01-24 16:35:17.217] [merchant] [info] Detected language "english"
[2026-01-24 16:35:17.218] [merchant] [info] Hooking shops...
[2026-01-24 16:35:17.220] [merchant] [info] Hooking talkscripts...
[2026-01-24 16:35:17.411] [merchant] [info] Initialized mod
[2026-01-24 16:36:22.645] [merchant] [info] Deinitialized mod
[2026-01-24 16:37:50.893] [merchant] [info] Glorious Merchant version 1.2.1
[2026-01-24 16:37:50.893] [merchant] [info] Loading config from C:\Program Files (x86)\ModEngine-2.1.0.0-win64\ermerchant.ini
[2026-01-24 16:37:50.893] [merchant] [info] auto_upgrade_weapons = false
[2026-01-24 16:37:50.893] [merchant] [info] all_items_free = true
[2026-01-24 16:37:50.893] [merchant] [info] Found handle for eldenring.exe process: c:\program files (x86)\steam\steamapps\common\ELDEN RING\Game\eldenring.exe
[2026-01-24 16:37:50.897] [merchant] [info] Waiting for params...
[2026-01-24 16:37:59.911] [merchant] [info] Sleeping an extra 10s to work potential compatibility issues...
[2026-01-24 16:38:09.912] [merchant] [info] Hooking messages...
[2026-01-24 16:38:09.912] [merchant] [info] Detected language "english"
[2026-01-24 16:38:09.913] [merchant] [info] Hooking shops...
[2026-01-24 16:38:09.915] [merchant] [info] Hooking talkscripts...
[2026-01-24 16:38:10.006] [merchant] [info] Initialized mod
[2026-01-24 16:40:05.479] [merchant] [info] Deinitialized mod
[2026-01-24 16:43:34.401] [merchant] [info] Glorious Merchant version 1.2.1
[2026-01-24 16:43:34.401] [merchant] [info] Loading config from C:\Program Files (x86)\ModEngine-2.1.0.0-win64\ermerchant.ini
[2026-01-24 16:43:34.401] [merchant] [info] auto_upgrade_weapons = false
[2026-01-24 16:43:34.401] [merchant] [info] all_items_free = true
[2026-01-24 16:43:34.401] [merchant] [info] Found handle for eldenring.exe process: c:\program files (x86)\steam\steamapps\common\ELDEN RING\Game\eldenring.exe
[2026-01-24 16:43:34.405] [merchant] [info] Waiting for params...
[2026-01-24 16:43:43.416] [merchant] [info] Sleeping an extra 10s to work potential compatibility issues...
[2026-01-24 16:43:53.417] [merchant] [info] Hooking messages...
[2026-01-24 16:43:53.417] [merchant] [info] Detected language "english"
[2026-01-24 16:43:53.418] [merchant] [info] Hooking shops...
[2026-01-24 16:43:53.420] [merchant] [info] Hooking talkscripts...
[2026-01-24 16:43:53.536] [merchant] [info] Initialized mod
[2026-01-24 16:45:15.668] [merchant] [info] Deinitialized mod
[2026-01-24 16:50:13.608] [merchant] [info] Glorious Merchant version 1.2.1
[2026-01-24 16:50:13.608] [merchant] [info] Loading config from C:\Program Files (x86)\ModEngine-2.1.0.0-win64\ermerchant.ini
[2026-01-24 16:50:13.608] [merchant] [info] auto_upgrade_weapons = false
[2026-01-24 16:50:13.608] [merchant] [info] all_items_free = true
[2026-01-24 16:50:13.609] [merchant] [info] Found handle for eldenring.exe process: c:\program files (x86)\steam\steamapps\common\ELDEN RING\Game\eldenring.exe
[2026-01-24 16:50:13.615] [merchant] [info] Waiting for params...
[2026-01-24 16:50:22.635] [merchant] [info] Sleeping an extra 10s to work potential compatibility issues...
[2026-01-24 16:50:32.637] [merchant] [info] Hooking messages...
[2026-01-24 16:50:32.637] [merchant] [info] Detected language "english"
[2026-01-24 16:50:32.637] [merchant] [info] Hooking shops...
[2026-01-24 16:50:32.640] [merchant] [info] Hooking talkscripts...
[2026-01-24 16:50:32.713] [merchant] [info] Initialized mod
[2026-01-24 16:51:54.776] [merchant] [info] Deinitialized mod
[2026-01-24 16:55:46.274] [merchant] [info] Glorious Merchant version 1.2.1
[2026-01-24 16:55:46.275] [merchant] [info] Loading config from C:\Program Files (x86)\ModEngine-2.1.0.0-win64\ermerchant.ini
[2026-01-24 16:55:46.275] [merchant] [info] auto_upgrade_weapons = false
[2026-01-24 16:55:46.275] [merchant] [info] all_items_free = true
[2026-01-24 16:55:46.275] [merchant] [info] Found handle for eldenring.exe process: c:\program files (x86)\steam\steamapps\common\ELDEN RING\Game\eldenring.exe
[2026-01-24 16:55:46.279] [merchant] [info] Waiting for params...
[2026-01-24 16:55:55.297] [merchant] [info] Sleeping an extra 10s to work potential compatibility issues...
[2026-01-24 16:56:05.298] [merchant] [info] Hooking messages...
[2026-01-24 16:56:05.298] [merchant] [info] Detected language "english"
[2026-01-24 16:56:05.299] [merchant] [info] Hooking shops...
[2026-01-24 16:56:05.301] [merchant] [info] Hooking talkscripts...
[2026-01-24 16:56:05.379] [merchant] [info] Initialized mod
[2026-01-24 16:57:10.821] [merchant] [info] Deinitialized mod
[2026-01-24 23:09:12.790] [merchant] [info] Glorious Merchant version 1.2.1
[2026-01-24 23:09:12.790] [merchant] [info] Loading config from C:\Program Files (x86)\ModEngine-2.1.0.0-win64\ermerchant.ini
[2026-01-24 23:09:12.795] [merchant] [info] auto_upgrade_weapons = false
[2026-01-24 23:09:12.795] [merchant] [info] all_items_free = true
[2026-01-24 23:09:12.795] [merchant] [info] Found handle for eldenring.exe process: c:\program files (x86)\steam\steamapps\common\ELDEN RING\Game\eldenring.exe
[2026-01-24 23:09:12.796] [merchant] [info] Waiting for params...
[2026-01-24 23:09:21.820] [merchant] [info] Sleeping an extra 10s to work potential compatibility issues...
[2026-01-24 23:09:31.821] [merchant] [info] Hooking messages...
[2026-01-24 23:09:31.821] [merchant] [info] Detected language "english"
[2026-01-24 23:09:31.821] [merchant] [info] Hooking shops...
[2026-01-24 23:09:31.824] [merchant] [info] Hooking talkscripts...
[2026-01-24 23:09:31.919] [merchant] [info] Initialized mod
[2026-01-24 23:11:11.515] [merchant] [info] Deinitialized mod
