[2026-01-25 00:20:34.248] [merchant] [info] Glorious Merchant version 1.2.1
[2026-01-25 00:20:34.248] [merchant] [info] Loading config from C:\Program Files (x86)\ModEngine-2.1.0.0-win64\ermerchant.ini
[2026-01-25 00:20:34.248] [merchant] [info] auto_upgrade_weapons = false
[2026-01-25 00:20:34.248] [merchant] [info] all_items_free = true
[2026-01-25 00:20:34.248] [merchant] [info] Found handle for eldenring.exe process: c:\program files (x86)\steam\steamapps\common\ELDEN RING\Game\eldenring.exe
[2026-01-25 00:20:34.252] [merchant] [info] Waiting for params...
[2026-01-25 00:20:43.264] [merchant] [info] Sleeping an extra 10s to work potential compatibility issues...
[2026-01-25 00:20:53.275] [merchant] [info] Hooking messages...
[2026-01-25 00:20:53.275] [merchant] [info] Detected language "english"
[2026-01-25 00:20:53.276] [merchant] [info] Hooking shops...
[2026-01-25 00:20:53.278] [merchant] [info] Hooking talkscripts...
[2026-01-25 00:20:53.346] [merchant] [info] Initialized mod
[2026-01-25 00:22:36.433] [merchant] [info] Glorious Merchant version 1.2.1
[2026-01-25 00:22:36.433] [merchant] [info] Loading config from C:\Program Files (x86)\ModEngine-2.1.0.0-win64\ermerchant.ini
[2026-01-25 00:22:36.433] [merchant] [info] auto_upgrade_weapons = false
[2026-01-25 00:22:36.433] [merchant] [info] all_items_free = true
[2026-01-25 00:22:36.433] [merchant] [info] Found handle for eldenring.exe process: c:\program files (x86)\steam\steamapps\common\ELDEN RING\Game\eldenring.exe
[2026-01-25 00:22:36.438] [merchant] [info] Waiting for params...
[2026-01-25 00:22:46.455] [merchant] [info] Sleeping an extra 10s to work potential compatibility issues...
[2026-01-25 00:22:56.455] [merchant] [info] Hooking messages...
[2026-01-25 00:22:56.455] [merchant] [info] Detected language "english"
[2026-01-25 00:22:56.456] [merchant] [info] Hooking shops...
[2026-01-25 00:22:56.458] [merchant] [info] Hooking talkscripts...
[2026-01-25 00:22:56.636] [merchant] [info] Initialized mod
[2026-01-25 00:24:35.819] [merchant] [info] Deinitialized mod
[2026-01-25 00:48:54.507] [merchant] [info] Glorious Merchant version 1.2.1
[2026-01-25 00:48:54.507] [merchant] [info] Loading config from C:\Program Files (x86)\ModEngine-2.1.0.0-win64\ermerchant.ini
[2026-01-25 00:48:54.507] [merchant] [info] auto_upgrade_weapons = false
[2026-01-25 00:48:54.507] [merchant] [info] all_items_free = true
[2026-01-25 00:48:54.507] [merchant] [info] Found handle for eldenring.exe process: c:\program files (x86)\steam\steamapps\common\ELDEN RING\Game\eldenring.exe
[2026-01-25 00:48:54.511] [merchant] [info] Waiting for params...
[2026-01-25 00:49:03.529] [merchant] [info] Sleeping an extra 10s to work potential compatibility issues...
[2026-01-25 00:49:13.531] [merchant] [info] Hooking messages...
[2026-01-25 00:49:13.531] [merchant] [info] Detected language "english"
[2026-01-25 00:49:13.532] [merchant] [info] Hooking shops...
[2026-01-25 00:49:13.534] [merchant] [info] Hooking talkscripts...
[2026-01-25 00:49:13.613] [merchant] [info] Initialized mod
[2026-01-25 00:50:35.976] [merchant] [info] Deinitialized mod
[2026-01-25 00:51:50.069] [merchant] [info] Glorious Merchant version 1.2.1
[2026-01-25 00:51:50.069] [merchant] [info] Loading config from C:\Program Files (x86)\ModEngine-2.1.0.0-win64\ermerchant.ini
[2026-01-25 00:51:50.069] [merchant] [info] auto_upgrade_weapons = false
[2026-01-25 00:51:50.069] [merchant] [info] all_items_free = true
[2026-01-25 00:51:50.069] [merchant] [info] Found handle for eldenring.exe process: c:\program files (x86)\steam\steamapps\common\ELDEN RING\Game\eldenring.exe
[2026-01-25 00:51:50.083] [merchant] [info] Waiting for params...
[2026-01-25 00:51:58.091] [merchant] [info] Sleeping an extra 10s to work potential compatibility issues...
[2026-01-25 00:52:08.091] [merchant] [info] Hooking messages...
[2026-01-25 00:52:08.091] [merchant] [info] Detected language "english"
[2026-01-25 00:52:08.092] [merchant] [info] Hooking shops...
[2026-01-25 00:52:08.094] [merchant] [info] Hooking talkscripts...
[2026-01-25 00:52:08.174] [merchant] [info] Initialized mod
[2026-01-25 00:53:31.265] [merchant] [info] Deinitialized mod
[2026-01-25 00:57:24.847] [merchant] [info] Glorious Merchant version 1.2.1
[2026-01-25 00:57:24.847] [merchant] [info] Loading config from C:\Program Files (x86)\ModEngine-2.1.0.0-win64\ermerchant.ini
[2026-01-25 00:57:24.848] [merchant] [info] auto_upgrade_weapons = false
[2026-01-25 00:57:24.848] [merchant] [info] all_items_free = true
[2026-01-25 00:57:24.848] [merchant] [info] Found handle for eldenring.exe process: c:\program files (x86)\steam\steamapps\common\ELDEN RING\Game\eldenring.exe
[2026-01-25 00:57:24.854] [merchant] [info] Waiting for params...
[2026-01-25 00:57:33.869] [merchant] [info] Sleeping an extra 10s to work potential compatibility issues...
[2026-01-25 00:57:43.870] [merchant] [info] Hooking messages...
[2026-01-25 00:57:43.870] [merchant] [info] Detected language "english"
[2026-01-25 00:57:43.871] [merchant] [info] Hooking shops...
[2026-01-25 00:57:43.873] [merchant] [info] Hooking talkscripts...
[2026-01-25 00:57:43.931] [merchant] [info] Initialized mod
[2026-01-25 00:58:32.673] [merchant] [info] Deinitialized mod
[2026-01-25 01:02:14.978] [merchant] [info] Glorious Merchant version 1.2.1
[2026-01-25 01:02:14.978] [merchant] [info] Loading config from C:\Program Files (x86)\ModEngine-2.1.0.0-win64\ermerchant.ini
[2026-01-25 01:02:14.978] [merchant] [info] auto_upgrade_weapons = false
[2026-01-25 01:02:14.978] [merchant] [info] all_items_free = true
[2026-01-25 01:02:14.978] [merchant] [info] Found handle for eldenring.exe process: c:\program files (x86)\steam\steamapps\common\ELDEN RING\Game\eldenring.exe
[2026-01-25 01:02:14.983] [merchant] [info] Waiting for params...
[2026-01-25 01:02:23.002] [merchant] [info] Sleeping an extra 10s to work potential compatibility issues...
[2026-01-25 01:02:33.003] [merchant] [info] Hooking messages...
[2026-01-25 01:02:33.003] [merchant] [info] Detected language "english"
[2026-01-25 01:02:33.004] [merchant] [info] Hooking shops...
[2026-01-25 01:02:33.006] [merchant] [info] Hooking talkscripts...
[2026-01-25 01:02:33.070] [merchant] [info] Initialized mod
[2026-01-25 01:03:39.490] [merchant] [info] Deinitialized mod
[2026-01-25 01:09:34.944] [merchant] [info] Glorious Merchant version 1.2.1
[2026-01-25 01:09:34.944] [merchant] [info] Loading config from C:\Program Files (x86)\ModEngine-2.1.0.0-win64\ermerchant.ini
[2026-01-25 01:09:34.944] [merchant] [info] auto_upgrade_weapons = false
[2026-01-25 01:09:34.944] [merchant] [info] all_items_free = true
[2026-01-25 01:09:34.944] [merchant] [info] Found handle for eldenring.exe process: c:\program files (x86)\steam\steamapps\common\ELDEN RING\Game\eldenring.exe
[2026-01-25 01:09:34.948] [merchant] [info] Waiting for params...
[2026-01-25 01:09:43.967] [merchant] [info] Sleeping an extra 10s to work potential compatibility issues...
[2026-01-25 01:09:53.967] [merchant] [info] Hooking messages...
[2026-01-25 01:09:53.968] [merchant] [info] Detected language "english"
[2026-01-25 01:09:53.968] [merchant] [info] Hooking shops...
[2026-01-25 01:09:53.971] [merchant] [info] Hooking talkscripts...
[2026-01-25 01:09:54.155] [merchant] [info] Initialized mod
[2026-01-25 01:11:49.496] [merchant] [info] Deinitialized mod
[2026-01-25 11:19:29.567] [merchant] [info] Glorious Merchant version 1.2.1
[2026-01-25 11:19:29.567] [merchant] [info] Loading config from C:\Program Files (x86)\ModEngine-2.1.0.0-win64\ermerchant.ini
[2026-01-25 11:19:29.572] [merchant] [info] auto_upgrade_weapons = false
[2026-01-25 11:19:29.572] [merchant] [info] all_items_free = true
[2026-01-25 11:19:29.572] [merchant] [info] Found handle for eldenring.exe process: c:\program files (x86)\steam\steamapps\common\ELDEN RING\Game\eldenring.exe
[2026-01-25 11:19:29.573] [merchant] [info] Waiting for params...
[2026-01-25 11:19:40.584] [merchant] [info] Sleeping an extra 10s to work potential compatibility issues...
[2026-01-25 11:19:50.585] [merchant] [info] Hooking messages...
[2026-01-25 11:19:50.586] [merchant] [info] Detected language "english"
[2026-01-25 11:19:50.586] [merchant] [info] Hooking shops...
[2026-01-25 11:19:50.589] [merchant] [info] Hooking talkscripts...
[2026-01-25 11:19:50.664] [merchant] [info] Initialized mod
[2026-01-25 11:20:32.318] [merchant] [info] Patching state group x51
[2026-01-25 11:23:26.240] [merchant] [info] Deinitialized mod
[2026-01-25 16:31:31.408] [merchant] [info] Glorious Merchant version 1.2.1
[2026-01-25 16:31:31.408] [merchant] [info] Loading config from C:\Program Files (x86)\ModEngine-2.1.0.0-win64\ermerchant.ini
[2026-01-25 16:31:31.412] [merchant] [info] auto_upgrade_weapons = false
[2026-01-25 16:31:31.412] [merchant] [info] all_items_free = true
[2026-01-25 16:31:31.412] [merchant] [info] Found handle for eldenring.exe process: c:\program files (x86)\steam\steamapps\common\ELDEN RING\Game\eldenring.exe
[2026-01-25 16:31:31.426] [merchant] [info] Waiting for params...
[2026-01-25 16:31:40.478] [merchant] [info] Sleeping an extra 10s to work potential compatibility issues...
[2026-01-25 16:31:50.478] [merchant] [info] Hooking messages...
[2026-01-25 16:31:51.467] [merchant] [info] Detected language "english"
[2026-01-25 16:31:51.468] [merchant] [info] Hooking shops...
[2026-01-25 16:31:51.471] [merchant] [info] Hooking talkscripts...
[2026-01-25 16:31:51.525] [merchant] [info] Initialized mod
[2026-01-25 16:32:48.894] [merchant] [info] Glorious Merchant version 1.2.1
[2026-01-25 16:32:48.894] [merchant] [info] Loading config from C:\Program Files (x86)\ModEngine-2.1.0.0-win64\ermerchant.ini
[2026-01-25 16:32:48.894] [merchant] [info] auto_upgrade_weapons = false
[2026-01-25 16:32:48.894] [merchant] [info] all_items_free = true
[2026-01-25 16:32:48.894] [merchant] [info] Found handle for eldenring.exe process: c:\program files (x86)\steam\steamapps\common\ELDEN RING\Game\eldenring.exe
[2026-01-25 16:32:48.895] [merchant] [info] Waiting for params...
[2026-01-25 16:32:49.045] [merchant] [info] Deinitialized mod
[2026-01-25 16:32:56.769] [merchant] [info] Deinitialized mod
[2026-01-25 16:32:57.263] [merchant] [info] Glorious Merchant version 1.2.1
[2026-01-25 16:32:57.263] [merchant] [info] Loading config from C:\Program Files (x86)\ModEngine-2.1.0.0-win64\ermerchant.ini
[2026-01-25 16:32:57.263] [merchant] [info] auto_upgrade_weapons = false
[2026-01-25 16:32:57.263] [merchant] [info] all_items_free = true
[2026-01-25 16:32:57.263] [merchant] [info] Found handle for eldenring.exe process: c:\program files (x86)\steam\steamapps\common\ELDEN RING\Game\eldenring.exe
[2026-01-25 16:32:57.266] [merchant] [info] Waiting for params...
[2026-01-25 16:33:07.287] [merchant] [info] Sleeping an extra 10s to work potential compatibility issues...
[2026-01-25 16:33:17.287] [merchant] [info] Hooking messages...
[2026-01-25 16:33:17.287] [merchant] [info] Detected language "english"
[2026-01-25 16:33:17.288] [merchant] [info] Hooking shops...
[2026-01-25 16:33:17.290] [merchant] [info] Hooking talkscripts...
[2026-01-25 16:33:17.334] [merchant] [info] Initialized mod
[2026-01-25 16:35:46.264] [merchant] [info] Patching state group x51
[2026-01-25 16:39:06.569] [merchant] [info] Deinitialized mod
