[2026-01-23 15:41:54.508] [merchant] [info] Glorious Merchant version 1.2.1
[2026-01-23 15:41:54.508] [merchant] [info] Loading config from C:\Program Files (x86)\ModEngine-2.1.0.0-win64\ermerchant.ini
[2026-01-23 15:41:54.513] [merchant] [info] auto_upgrade_weapons = false
[2026-01-23 15:41:54.513] [merchant] [info] all_items_free = true
[2026-01-23 15:41:54.513] [merchant] [info] Found handle for eldenring.exe process: c:\program files (x86)\steam\steamapps\common\ELDEN RING\Game\eldenring.exe
[2026-01-23 15:41:54.514] [merchant] [info] Waiting for params...
[2026-01-23 15:42:03.532] [merchant] [info] Sleeping an extra 10s to work potential compatibility issues...
[2026-01-23 15:42:13.534] [merchant] [info] Hooking messages...
[2026-01-23 15:42:13.534] [merchant] [info] Detected language "english"
[2026-01-23 15:42:13.535] [merchant] [info] Hooking shops...
[2026-01-23 15:42:13.537] [merchant] [info] Hooking talkscripts...
[2026-01-23 15:42:13.599] [merchant] [info] Initialized mod
[2026-01-23 15:44:26.329] [merchant] [info] Deinitialized mod
[2026-01-23 15:44:58.485] [merchant] [info] Glorious Merchant version 1.2.1
[2026-01-23 15:44:58.485] [merchant] [info] Loading config from C:\Program Files (x86)\ModEngine-2.1.0.0-win64\ermerchant.ini
[2026-01-23 15:44:58.485] [merchant] [info] auto_upgrade_weapons = false
[2026-01-23 15:44:58.485] [merchant] [info] all_items_free = true
[2026-01-23 15:44:58.485] [merchant] [info] Found handle for eldenring.exe process: c:\program files (x86)\steam\steamapps\common\ELDEN RING\Game\eldenring.exe
[2026-01-23 15:44:58.489] [merchant] [info] Waiting for params...
[2026-01-23 15:45:06.504] [merchant] [info] Sleeping an extra 10s to work potential compatibility issues...
[2026-01-23 15:45:16.506] [merchant] [info] Hooking messages...
[2026-01-23 15:45:16.506] [merchant] [info] Detected language "english"
[2026-01-23 15:45:16.507] [merchant] [info] Hooking shops...
[2026-01-23 15:45:16.509] [merchant] [info] Hooking talkscripts...
[2026-01-23 15:45:16.587] [merchant] [info] Initialized mod
[2026-01-23 15:46:39.632] [merchant] [info] Deinitialized mod
[2026-01-23 15:48:03.921] [merchant] [info] Glorious Merchant version 1.2.1
[2026-01-23 15:48:03.921] [merchant] [info] Loading config from C:\Program Files (x86)\ModEngine-2.1.0.0-win64\ermerchant.ini
[2026-01-23 15:48:03.921] [merchant] [info] auto_upgrade_weapons = false
[2026-01-23 15:48:03.921] [merchant] [info] all_items_free = true
[2026-01-23 15:48:03.921] [merchant] [info] Found handle for eldenring.exe process: c:\program files (x86)\steam\steamapps\common\ELDEN RING\Game\eldenring.exe
[2026-01-23 15:48:03.925] [merchant] [info] Waiting for params...
[2026-01-23 15:48:12.930] [merchant] [info] Sleeping an extra 10s to work potential compatibility issues...
[2026-01-23 15:48:22.931] [merchant] [info] Hooking messages...
[2026-01-23 15:48:22.931] [merchant] [info] Detected language "english"
[2026-01-23 15:48:22.932] [merchant] [info] Hooking shops...
[2026-01-23 15:48:22.934] [merchant] [info] Hooking talkscripts...
[2026-01-23 15:48:23.008] [merchant] [info] Initialized mod
[2026-01-23 15:49:28.428] [merchant] [info] Deinitialized mod
[2026-01-23 16:00:21.214] [merchant] [info] Glorious Merchant version 1.2.1
[2026-01-23 16:00:21.214] [merchant] [info] Loading config from C:\Program Files (x86)\ModEngine-2.1.0.0-win64\ermerchant.ini
[2026-01-23 16:00:21.214] [merchant] [info] auto_upgrade_weapons = false
[2026-01-23 16:00:21.214] [merchant] [info] all_items_free = true
[2026-01-23 16:00:21.214] [merchant] [info] Found handle for eldenring.exe process: c:\program files (x86)\steam\steamapps\common\ELDEN RING\Game\eldenring.exe
[2026-01-23 16:00:21.218] [merchant] [info] Waiting for params...
[2026-01-23 16:00:29.226] [merchant] [info] Sleeping an extra 10s to work potential compatibility issues...
[2026-01-23 16:00:39.226] [merchant] [info] Hooking messages...
[2026-01-23 16:00:39.226] [merchant] [info] Detected language "english"
[2026-01-23 16:00:39.227] [merchant] [info] Hooking shops...
[2026-01-23 16:00:39.229] [merchant] [info] Hooking talkscripts...
[2026-01-23 16:00:39.304] [merchant] [info] Initialized mod
[2026-01-23 16:02:36.194] [merchant] [info] Deinitialized mod
[2026-01-23 16:03:00.882] [merchant] [info] Glorious Merchant version 1.2.1
[2026-01-23 16:03:00.882] [merchant] [info] Loading config from C:\Program Files (x86)\ModEngine-2.1.0.0-win64\ermerchant.ini
[2026-01-23 16:03:00.882] [merchant] [info] auto_upgrade_weapons = false
[2026-01-23 16:03:00.882] [merchant] [info] all_items_free = true
[2026-01-23 16:03:00.882] [merchant] [info] Found handle for eldenring.exe process: c:\program files (x86)\steam\steamapps\common\ELDEN RING\Game\eldenring.exe
[2026-01-23 16:03:00.886] [merchant] [info] Waiting for params...
[2026-01-23 16:03:08.898] [merchant] [info] Sleeping an extra 10s to work potential compatibility issues...
[2026-01-23 16:03:18.899] [merchant] [info] Hooking messages...
[2026-01-23 16:03:18.899] [merchant] [info] Detected language "english"
[2026-01-23 16:03:18.900] [merchant] [info] Hooking shops...
[2026-01-23 16:03:18.902] [merchant] [info] Hooking talkscripts...
[2026-01-23 16:03:18.976] [merchant] [info] Initialized mod
[2026-01-23 16:04:08.675] [merchant] [info] Deinitialized mod
[2026-01-23 16:07:11.534] [merchant] [info] Glorious Merchant version 1.2.1
[2026-01-23 16:07:11.534] [merchant] [info] Loading config from C:\Program Files (x86)\ModEngine-2.1.0.0-win64\ermerchant.ini
[2026-01-23 16:07:11.534] [merchant] [info] auto_upgrade_weapons = false
[2026-01-23 16:07:11.534] [merchant] [info] all_items_free = true
[2026-01-23 16:07:11.534] [merchant] [info] Found handle for eldenring.exe process: c:\program files (x86)\steam\steamapps\common\ELDEN RING\Game\eldenring.exe
[2026-01-23 16:07:11.538] [merchant] [info] Waiting for params...
[2026-01-23 16:07:19.549] [merchant] [info] Sleeping an extra 10s to work potential compatibility issues...
[2026-01-23 16:07:29.549] [merchant] [info] Hooking messages...
[2026-01-23 16:07:29.549] [merchant] [info] Detected language "english"
[2026-01-23 16:07:29.550] [merchant] [info] Hooking shops...
[2026-01-23 16:07:29.552] [merchant] [info] Hooking talkscripts...
[2026-01-23 16:07:29.631] [merchant] [info] Initialized mod
[2026-01-23 16:10:32.744] [merchant] [info] Deinitialized mod
[2026-01-23 16:12:36.733] [merchant] [info] Glorious Merchant version 1.2.1
[2026-01-23 16:12:36.734] [merchant] [info] Loading config from C:\Program Files (x86)\ModEngine-2.1.0.0-win64\ermerchant.ini
[2026-01-23 16:12:36.734] [merchant] [info] auto_upgrade_weapons = false
[2026-01-23 16:12:36.734] [merchant] [info] all_items_free = true
[2026-01-23 16:12:36.734] [merchant] [info] Found handle for eldenring.exe process: c:\program files (x86)\steam\steamapps\common\ELDEN RING\Game\eldenring.exe
[2026-01-23 16:12:36.738] [merchant] [info] Waiting for params...
[2026-01-23 16:12:45.744] [merchant] [info] Sleeping an extra 10s to work potential compatibility issues...
[2026-01-23 16:12:55.745] [merchant] [info] Hooking messages...
[2026-01-23 16:12:55.745] [merchant] [info] Detected language "english"
[2026-01-23 16:12:55.746] [merchant] [info] Hooking shops...
[2026-01-23 16:12:55.748] [merchant] [info] Hooking talkscripts...
[2026-01-23 16:12:55.840] [merchant] [info] Initialized mod
[2026-01-23 16:14:01.262] [merchant] [info] Deinitialized mod
[2026-01-23 16:15:11.729] [merchant] [info] Glorious Merchant version 1.2.1
[2026-01-23 16:15:11.729] [merchant] [info] Loading config from C:\Program Files (x86)\ModEngine-2.1.0.0-win64\ermerchant.ini
[2026-01-23 16:15:11.730] [merchant] [info] auto_upgrade_weapons = false
[2026-01-23 16:15:11.730] [merchant] [info] all_items_free = true
[2026-01-23 16:15:11.730] [merchant] [info] Found handle for eldenring.exe process: c:\program files (x86)\steam\steamapps\common\ELDEN RING\Game\eldenring.exe
[2026-01-23 16:15:11.733] [merchant] [info] Waiting for params...
[2026-01-23 16:15:19.750] [merchant] [info] Sleeping an extra 10s to work potential compatibility issues...
[2026-01-23 16:15:29.750] [merchant] [info] Hooking messages...
[2026-01-23 16:15:29.750] [merchant] [info] Detected language "english"
[2026-01-23 16:15:29.751] [merchant] [info] Hooking shops...
[2026-01-23 16:15:29.753] [merchant] [info] Hooking talkscripts...
[2026-01-23 16:15:29.830] [merchant] [info] Initialized mod
[2026-01-23 16:16:38.284] [merchant] [info] Deinitialized mod
[2026-01-23 16:17:53.438] [merchant] [info] Glorious Merchant version 1.2.1
[2026-01-23 16:17:53.438] [merchant] [info] Loading config from C:\Program Files (x86)\ModEngine-2.1.0.0-win64\ermerchant.ini
[2026-01-23 16:17:53.438] [merchant] [info] auto_upgrade_weapons = false
[2026-01-23 16:17:53.438] [merchant] [info] all_items_free = true
[2026-01-23 16:17:53.438] [merchant] [info] Found handle for eldenring.exe process: c:\program files (x86)\steam\steamapps\common\ELDEN RING\Game\eldenring.exe
[2026-01-23 16:17:53.442] [merchant] [info] Waiting for params...
[2026-01-23 16:18:02.445] [merchant] [info] Sleeping an extra 10s to work potential compatibility issues...
[2026-01-23 16:18:12.446] [merchant] [info] Hooking messages...
[2026-01-23 16:18:12.446] [merchant] [info] Detected language "english"
[2026-01-23 16:18:12.446] [merchant] [info] Hooking shops...
[2026-01-23 16:18:12.449] [merchant] [info] Hooking talkscripts...
[2026-01-23 16:18:12.556] [merchant] [info] Initialized mod
[2026-01-23 16:21:31.353] [merchant] [info] Deinitialized mod
[2026-01-23 16:21:56.753] [merchant] [info] Glorious Merchant version 1.2.1
[2026-01-23 16:21:56.753] [merchant] [info] Loading config from C:\Program Files (x86)\ModEngine-2.1.0.0-win64\ermerchant.ini
[2026-01-23 16:21:56.753] [merchant] [info] auto_upgrade_weapons = false
[2026-01-23 16:21:56.753] [merchant] [info] all_items_free = true
[2026-01-23 16:21:56.753] [merchant] [info] Found handle for eldenring.exe process: c:\program files (x86)\steam\steamapps\common\ELDEN RING\Game\eldenring.exe
[2026-01-23 16:21:56.757] [merchant] [info] Waiting for params...
[2026-01-23 16:22:04.772] [merchant] [info] Sleeping an extra 10s to work potential compatibility issues...
[2026-01-23 16:22:14.772] [merchant] [info] Hooking messages...
[2026-01-23 16:22:14.772] [merchant] [info] Detected language "english"
[2026-01-23 16:22:14.773] [merchant] [info] Hooking shops...
[2026-01-23 16:22:14.775] [merchant] [info] Hooking talkscripts...
[2026-01-23 16:22:14.839] [merchant] [info] Initialized mod
[2026-01-23 16:28:38.186] [merchant] [info] Deinitialized mod
[2026-01-23 16:32:05.809] [merchant] [info] Glorious Merchant version 1.2.1
[2026-01-23 16:32:05.809] [merchant] [info] Loading config from C:\Program Files (x86)\ModEngine-2.1.0.0-win64\ermerchant.ini
[2026-01-23 16:32:05.809] [merchant] [info] auto_upgrade_weapons = false
[2026-01-23 16:32:05.809] [merchant] [info] all_items_free = true
[2026-01-23 16:32:05.809] [merchant] [info] Found handle for eldenring.exe process: c:\program files (x86)\steam\steamapps\common\ELDEN RING\Game\eldenring.exe
[2026-01-23 16:32:05.813] [merchant] [info] Waiting for params...
[2026-01-23 16:32:14.825] [merchant] [info] Sleeping an extra 10s to work potential compatibility issues...
[2026-01-23 16:32:24.825] [merchant] [info] Hooking messages...
[2026-01-23 16:32:24.825] [merchant] [info] Detected language "english"
[2026-01-23 16:32:24.826] [merchant] [info] Hooking shops...
[2026-01-23 16:32:24.828] [merchant] [info] Hooking talkscripts...
[2026-01-23 16:32:24.922] [merchant] [info] Initialized mod
[2026-01-23 16:35:26.961] [merchant] [info] Deinitialized mod
[2026-01-23 16:41:16.463] [merchant] [info] Glorious Merchant version 1.2.1
[2026-01-23 16:41:16.463] [merchant] [info] Loading config from C:\Program Files (x86)\ModEngine-2.1.0.0-win64\ermerchant.ini
[2026-01-23 16:41:16.463] [merchant] [info] auto_upgrade_weapons = false
[2026-01-23 16:41:16.463] [merchant] [info] all_items_free = true
[2026-01-23 16:41:16.463] [merchant] [info] Found handle for eldenring.exe process: c:\program files (x86)\steam\steamapps\common\ELDEN RING\Game\eldenring.exe
[2026-01-23 16:41:16.467] [merchant] [info] Waiting for params...
[2026-01-23 16:41:24.484] [merchant] [info] Sleeping an extra 10s to work potential compatibility issues...
[2026-01-23 16:41:34.484] [merchant] [info] Hooking messages...
[2026-01-23 16:41:34.484] [merchant] [info] Detected language "english"
[2026-01-23 16:41:34.485] [merchant] [info] Hooking shops...
[2026-01-23 16:41:34.487] [merchant] [info] Hooking talkscripts...
[2026-01-23 16:41:34.561] [merchant] [info] Initialized mod
[2026-01-23 16:42:24.248] [merchant] [info] Deinitialized mod
[2026-01-23 16:45:34.810] [merchant] [info] Glorious Merchant version 1.2.1
[2026-01-23 16:45:34.810] [merchant] [info] Loading config from C:\Program Files (x86)\ModEngine-2.1.0.0-win64\ermerchant.ini
[2026-01-23 16:45:34.810] [merchant] [info] auto_upgrade_weapons = false
[2026-01-23 16:45:34.810] [merchant] [info] all_items_free = true
[2026-01-23 16:45:34.811] [merchant] [info] Found handle for eldenring.exe process: c:\program files (x86)\steam\steamapps\common\ELDEN RING\Game\eldenring.exe
[2026-01-23 16:45:34.814] [merchant] [info] Waiting for params...
[2026-01-23 16:45:42.821] [merchant] [info] Sleeping an extra 10s to work potential compatibility issues...
[2026-01-23 16:45:52.822] [merchant] [info] Hooking messages...
[2026-01-23 16:45:52.822] [merchant] [info] Detected language "english"
[2026-01-23 16:45:52.823] [merchant] [info] Hooking shops...
[2026-01-23 16:45:52.826] [merchant] [info] Hooking talkscripts...
[2026-01-23 16:45:52.903] [merchant] [info] Initialized mod
[2026-01-23 16:46:42.723] [merchant] [info] Deinitialized mod
[2026-01-23 16:48:35.297] [merchant] [info] Glorious Merchant version 1.2.1
[2026-01-23 16:48:35.297] [merchant] [info] Loading config from C:\Program Files (x86)\ModEngine-2.1.0.0-win64\ermerchant.ini
[2026-01-23 16:48:35.297] [merchant] [info] auto_upgrade_weapons = false
[2026-01-23 16:48:35.297] [merchant] [info] all_items_free = true
[2026-01-23 16:48:35.297] [merchant] [info] Found handle for eldenring.exe process: c:\program files (x86)\steam\steamapps\common\ELDEN RING\Game\eldenring.exe
[2026-01-23 16:48:35.301] [merchant] [info] Waiting for params...
[2026-01-23 16:48:44.318] [merchant] [info] Sleeping an extra 10s to work potential compatibility issues...
[2026-01-23 16:48:54.318] [merchant] [info] Hooking messages...
[2026-01-23 16:48:54.318] [merchant] [info] Detected language "english"
[2026-01-23 16:48:54.319] [merchant] [info] Hooking shops...
[2026-01-23 16:48:54.322] [merchant] [info] Hooking talkscripts...
[2026-01-23 16:48:54.400] [merchant] [info] Initialized mod
[2026-01-23 16:49:43.090] [merchant] [info] Deinitialized mod
[2026-01-23 16:51:07.069] [merchant] [info] Glorious Merchant version 1.2.1
[2026-01-23 16:51:07.069] [merchant] [info] Loading config from C:\Program Files (x86)\ModEngine-2.1.0.0-win64\ermerchant.ini
[2026-01-23 16:51:07.069] [merchant] [info] auto_upgrade_weapons = false
[2026-01-23 16:51:07.069] [merchant] [info] all_items_free = true
[2026-01-23 16:51:07.069] [merchant] [info] Found handle for eldenring.exe process: c:\program files (x86)\steam\steamapps\common\ELDEN RING\Game\eldenring.exe
[2026-01-23 16:51:07.073] [merchant] [info] Waiting for params...
[2026-01-23 16:51:15.084] [merchant] [info] Sleeping an extra 10s to work potential compatibility issues...
[2026-01-23 16:51:25.084] [merchant] [info] Hooking messages...
[2026-01-23 16:51:25.084] [merchant] [info] Detected language "english"
[2026-01-23 16:51:25.085] [merchant] [info] Hooking shops...
[2026-01-23 16:51:25.087] [merchant] [info] Hooking talkscripts...
[2026-01-23 16:51:25.183] [merchant] [info] Initialized mod
[2026-01-23 16:52:14.913] [merchant] [info] Deinitialized mod
[2026-01-23 16:52:54.594] [merchant] [info] Glorious Merchant version 1.2.1
[2026-01-23 16:52:54.594] [merchant] [info] Loading config from C:\Program Files (x86)\ModEngine-2.1.0.0-win64\ermerchant.ini
[2026-01-23 16:52:54.595] [merchant] [info] auto_upgrade_weapons = false
[2026-01-23 16:52:54.595] [merchant] [info] all_items_free = true
[2026-01-23 16:52:54.595] [merchant] [info] Found handle for eldenring.exe process: c:\program files (x86)\steam\steamapps\common\ELDEN RING\Game\eldenring.exe
[2026-01-23 16:52:54.598] [merchant] [info] Waiting for params...
[2026-01-23 16:53:02.600] [merchant] [info] Sleeping an extra 10s to work potential compatibility issues...
[2026-01-23 16:53:12.601] [merchant] [info] Hooking messages...
[2026-01-23 16:53:12.601] [merchant] [info] Detected language "english"
[2026-01-23 16:53:12.602] [merchant] [info] Hooking shops...
[2026-01-23 16:53:12.604] [merchant] [info] Hooking talkscripts...
[2026-01-23 16:53:12.676] [merchant] [info] Initialized mod
[2026-01-23 16:53:47.771] [merchant] [info] Deinitialized mod
[2026-01-23 16:55:38.400] [merchant] [info] Glorious Merchant version 1.2.1
[2026-01-23 16:55:38.401] [merchant] [info] Loading config from C:\Program Files (x86)\ModEngine-2.1.0.0-win64\ermerchant.ini
[2026-01-23 16:55:38.401] [merchant] [info] auto_upgrade_weapons = false
[2026-01-23 16:55:38.401] [merchant] [info] all_items_free = true
[2026-01-23 16:55:38.401] [merchant] [info] Found handle for eldenring.exe process: c:\program files (x86)\steam\steamapps\common\ELDEN RING\Game\eldenring.exe
[2026-01-23 16:55:38.404] [merchant] [info] Waiting for params...
[2026-01-23 16:55:47.412] [merchant] [info] Sleeping an extra 10s to work potential compatibility issues...
[2026-01-23 16:55:57.412] [merchant] [info] Hooking messages...
[2026-01-23 16:55:57.412] [merchant] [info] Detected language "english"
[2026-01-23 16:55:57.413] [merchant] [info] Hooking shops...
[2026-01-23 16:55:57.416] [merchant] [info] Hooking talkscripts...
[2026-01-23 16:55:57.490] [merchant] [info] Initialized mod
[2026-01-23 16:56:31.596] [merchant] [info] Deinitialized mod
[2026-01-23 16:57:28.135] [merchant] [info] Glorious Merchant version 1.2.1
[2026-01-23 16:57:28.136] [merchant] [info] Loading config from C:\Program Files (x86)\ModEngine-2.1.0.0-win64\ermerchant.ini
[2026-01-23 16:57:28.136] [merchant] [info] auto_upgrade_weapons = false
[2026-01-23 16:57:28.136] [merchant] [info] all_items_free = true
[2026-01-23 16:57:28.136] [merchant] [info] Found handle for eldenring.exe process: c:\program files (x86)\steam\steamapps\common\ELDEN RING\Game\eldenring.exe
[2026-01-23 16:57:28.140] [merchant] [info] Waiting for params...
[2026-01-23 16:57:36.157] [merchant] [info] Sleeping an extra 10s to work potential compatibility issues...
[2026-01-23 16:57:46.157] [merchant] [info] Hooking messages...
[2026-01-23 16:57:46.157] [merchant] [info] Detected language "english"
[2026-01-23 16:57:46.158] [merchant] [info] Hooking shops...
[2026-01-23 16:57:46.161] [merchant] [info] Hooking talkscripts...
[2026-01-23 16:57:46.241] [merchant] [info] Initialized mod
[2026-01-23 16:58:36.012] [merchant] [info] Deinitialized mod
[2026-01-23 17:05:03.605] [merchant] [info] Glorious Merchant version 1.2.1
[2026-01-23 17:05:03.605] [merchant] [info] Loading config from C:\Program Files (x86)\ModEngine-2.1.0.0-win64\ermerchant.ini
[2026-01-23 17:05:03.605] [merchant] [info] auto_upgrade_weapons = false
[2026-01-23 17:05:03.605] [merchant] [info] all_items_free = true
[2026-01-23 17:05:03.605] [merchant] [info] Found handle for eldenring.exe process: c:\program files (x86)\steam\steamapps\common\ELDEN RING\Game\eldenring.exe
[2026-01-23 17:05:03.609] [merchant] [info] Waiting for params...
[2026-01-23 17:05:11.619] [merchant] [info] Sleeping an extra 10s to work potential compatibility issues...
[2026-01-23 17:05:21.620] [merchant] [info] Hooking messages...
[2026-01-23 17:05:21.620] [merchant] [info] Detected language "english"
[2026-01-23 17:05:21.620] [merchant] [info] Hooking shops...
[2026-01-23 17:05:21.623] [merchant] [info] Hooking talkscripts...
[2026-01-23 17:05:21.697] [merchant] [info] Initialized mod
[2026-01-23 17:05:56.747] [merchant] [info] Deinitialized mod
[2026-01-23 17:06:47.177] [merchant] [info] Glorious Merchant version 1.2.1
[2026-01-23 17:06:47.177] [merchant] [info] Loading config from C:\Program Files (x86)\ModEngine-2.1.0.0-win64\ermerchant.ini
[2026-01-23 17:06:47.177] [merchant] [info] auto_upgrade_weapons = false
[2026-01-23 17:06:47.177] [merchant] [info] all_items_free = true
[2026-01-23 17:06:47.177] [merchant] [info] Found handle for eldenring.exe process: c:\program files (x86)\steam\steamapps\common\ELDEN RING\Game\eldenring.exe
[2026-01-23 17:06:47.181] [merchant] [info] Waiting for params...
[2026-01-23 17:06:55.192] [merchant] [info] Sleeping an extra 10s to work potential compatibility issues...
[2026-01-23 17:07:05.193] [merchant] [info] Hooking messages...
[2026-01-23 17:07:05.193] [merchant] [info] Detected language "english"
[2026-01-23 17:07:05.194] [merchant] [info] Hooking shops...
[2026-01-23 17:07:05.196] [merchant] [info] Hooking talkscripts...
[2026-01-23 17:07:05.269] [merchant] [info] Initialized mod
[2026-01-23 17:07:38.844] [merchant] [info] Deinitialized mod
[2026-01-23 17:07:48.616] [merchant] [info] Glorious Merchant version 1.2.1
[2026-01-23 17:07:48.616] [merchant] [info] Loading config from C:\Program Files (x86)\ModEngine-2.1.0.0-win64\ermerchant.ini
[2026-01-23 17:07:48.616] [merchant] [info] auto_upgrade_weapons = false
[2026-01-23 17:07:48.616] [merchant] [info] all_items_free = true
[2026-01-23 17:07:48.616] [merchant] [info] Found handle for eldenring.exe process: c:\program files (x86)\steam\steamapps\common\ELDEN RING\Game\eldenring.exe
[2026-01-23 17:07:48.620] [merchant] [info] Waiting for params...
[2026-01-23 17:07:56.633] [merchant] [info] Sleeping an extra 10s to work potential compatibility issues...
[2026-01-23 17:08:06.634] [merchant] [info] Hooking messages...
[2026-01-23 17:08:06.634] [merchant] [info] Detected language "english"
[2026-01-23 17:08:06.634] [merchant] [info] Hooking shops...
[2026-01-23 17:08:06.637] [merchant] [info] Hooking talkscripts...
[2026-01-23 17:08:06.744] [merchant] [info] Initialized mod
[2026-01-23 17:08:56.931] [merchant] [info] Deinitialized mod
[2026-01-23 17:09:57.158] [merchant] [info] Glorious Merchant version 1.2.1
[2026-01-23 17:09:57.158] [merchant] [info] Loading config from C:\Program Files (x86)\ModEngine-2.1.0.0-win64\ermerchant.ini
[2026-01-23 17:09:57.158] [merchant] [info] auto_upgrade_weapons = false
[2026-01-23 17:09:57.158] [merchant] [info] all_items_free = true
[2026-01-23 17:09:57.159] [merchant] [info] Found handle for eldenring.exe process: c:\program files (x86)\steam\steamapps\common\ELDEN RING\Game\eldenring.exe
[2026-01-23 17:09:57.162] [merchant] [info] Waiting for params...
[2026-01-23 17:10:05.181] [merchant] [info] Sleeping an extra 10s to work potential compatibility issues...
[2026-01-23 17:10:15.181] [merchant] [info] Hooking messages...
[2026-01-23 17:10:15.181] [merchant] [info] Detected language "english"
[2026-01-23 17:10:15.182] [merchant] [info] Hooking shops...
[2026-01-23 17:10:15.185] [merchant] [info] Hooking talkscripts...
[2026-01-23 17:10:15.266] [merchant] [info] Initialized mod
[2026-01-23 17:11:04.918] [merchant] [info] Deinitialized mod
[2026-01-23 17:26:01.638] [merchant] [info] Glorious Merchant version 1.2.1
[2026-01-23 17:26:01.638] [merchant] [info] Loading config from C:\Program Files (x86)\ModEngine-2.1.0.0-win64\ermerchant.ini
[2026-01-23 17:26:01.638] [merchant] [info] auto_upgrade_weapons = false
[2026-01-23 17:26:01.638] [merchant] [info] all_items_free = true
[2026-01-23 17:26:01.638] [merchant] [info] Found handle for eldenring.exe process: c:\program files (x86)\steam\steamapps\common\ELDEN RING\Game\eldenring.exe
[2026-01-23 17:26:01.642] [merchant] [info] Waiting for params...
[2026-01-23 17:26:09.661] [merchant] [info] Sleeping an extra 10s to work potential compatibility issues...
[2026-01-23 17:26:19.661] [merchant] [info] Hooking messages...
[2026-01-23 17:26:19.661] [merchant] [info] Detected language "english"
[2026-01-23 17:26:19.662] [merchant] [info] Hooking shops...
[2026-01-23 17:26:19.664] [merchant] [info] Hooking talkscripts...
[2026-01-23 17:26:19.743] [merchant] [info] Initialized mod
[2026-01-23 17:27:09.400] [merchant] [info] Deinitialized mod
[2026-01-23 17:27:32.829] [merchant] [info] Glorious Merchant version 1.2.1
[2026-01-23 17:27:32.829] [merchant] [info] Loading config from C:\Program Files (x86)\ModEngine-2.1.0.0-win64\ermerchant.ini
[2026-01-23 17:27:32.830] [merchant] [info] auto_upgrade_weapons = false
[2026-01-23 17:27:32.830] [merchant] [info] all_items_free = true
[2026-01-23 17:27:32.830] [merchant] [info] Found handle for eldenring.exe process: c:\program files (x86)\steam\steamapps\common\ELDEN RING\Game\eldenring.exe
[2026-01-23 17:27:32.833] [merchant] [info] Waiting for params...
[2026-01-23 17:27:40.846] [merchant] [info] Sleeping an extra 10s to work potential compatibility issues...
[2026-01-23 17:27:50.846] [merchant] [info] Hooking messages...
[2026-01-23 17:27:50.846] [merchant] [info] Detected language "english"
[2026-01-23 17:27:50.847] [merchant] [info] Hooking shops...
[2026-01-23 17:27:50.849] [merchant] [info] Hooking talkscripts...
[2026-01-23 17:27:50.925] [merchant] [info] Initialized mod
[2026-01-23 17:28:40.594] [merchant] [info] Deinitialized mod
[2026-01-23 17:30:59.785] [merchant] [info] Glorious Merchant version 1.2.1
[2026-01-23 17:30:59.785] [merchant] [info] Loading config from C:\Program Files (x86)\ModEngine-2.1.0.0-win64\ermerchant.ini
[2026-01-23 17:30:59.785] [merchant] [info] auto_upgrade_weapons = false
[2026-01-23 17:30:59.785] [merchant] [info] all_items_free = true
[2026-01-23 17:30:59.785] [merchant] [info] Found handle for eldenring.exe process: c:\program files (x86)\steam\steamapps\common\ELDEN RING\Game\eldenring.exe
[2026-01-23 17:30:59.789] [merchant] [info] Waiting for params...
[2026-01-23 17:31:07.796] [merchant] [info] Sleeping an extra 10s to work potential compatibility issues...
[2026-01-23 17:31:17.795] [merchant] [info] Hooking messages...
[2026-01-23 17:31:17.795] [merchant] [info] Detected language "english"
[2026-01-23 17:31:17.796] [merchant] [info] Hooking shops...
[2026-01-23 17:31:17.798] [merchant] [info] Hooking talkscripts...
[2026-01-23 17:31:17.869] [merchant] [info] Initialized mod
[2026-01-23 17:31:52.872] [merchant] [info] Deinitialized mod
[2026-01-23 17:35:43.528] [merchant] [info] Glorious Merchant version 1.2.1
[2026-01-23 17:35:43.528] [merchant] [info] Loading config from C:\Program Files (x86)\ModEngine-2.1.0.0-win64\ermerchant.ini
[2026-01-23 17:35:43.528] [merchant] [info] auto_upgrade_weapons = false
[2026-01-23 17:35:43.528] [merchant] [info] all_items_free = true
[2026-01-23 17:35:43.528] [merchant] [info] Found handle for eldenring.exe process: c:\program files (x86)\steam\steamapps\common\ELDEN RING\Game\eldenring.exe
[2026-01-23 17:35:43.532] [merchant] [info] Waiting for params...
[2026-01-23 17:35:52.538] [merchant] [info] Sleeping an extra 10s to work potential compatibility issues...
[2026-01-23 17:36:02.537] [merchant] [info] Hooking messages...
[2026-01-23 17:36:02.537] [merchant] [info] Detected language "english"
[2026-01-23 17:36:02.538] [merchant] [info] Hooking shops...
[2026-01-23 17:36:02.540] [merchant] [info] Hooking talkscripts...
[2026-01-23 17:36:02.648] [merchant] [info] Initialized mod
[2026-01-23 17:36:51.856] [merchant] [info] Deinitialized mod
[2026-01-23 17:39:41.059] [merchant] [info] Glorious Merchant version 1.2.1
[2026-01-23 17:39:41.059] [merchant] [info] Loading config from C:\Program Files (x86)\ModEngine-2.1.0.0-win64\ermerchant.ini
[2026-01-23 17:39:41.059] [merchant] [info] auto_upgrade_weapons = false
[2026-01-23 17:39:41.059] [merchant] [info] all_items_free = true
[2026-01-23 17:39:41.059] [merchant] [info] Found handle for eldenring.exe process: c:\program files (x86)\steam\steamapps\common\ELDEN RING\Game\eldenring.exe
[2026-01-23 17:39:41.063] [merchant] [info] Waiting for params...
[2026-01-23 17:39:49.079] [merchant] [info] Sleeping an extra 10s to work potential compatibility issues...
[2026-01-23 17:39:59.080] [merchant] [info] Hooking messages...
[2026-01-23 17:39:59.080] [merchant] [info] Detected language "english"
[2026-01-23 17:39:59.081] [merchant] [info] Hooking shops...
[2026-01-23 17:39:59.083] [merchant] [info] Hooking talkscripts...
[2026-01-23 17:39:59.161] [merchant] [info] Initialized mod
[2026-01-23 17:41:05.576] [merchant] [info] Deinitialized mod
[2026-01-23 17:47:26.865] [merchant] [info] Glorious Merchant version 1.2.1
[2026-01-23 17:47:26.865] [merchant] [info] Loading config from C:\Program Files (x86)\ModEngine-2.1.0.0-win64\ermerchant.ini
[2026-01-23 17:47:26.865] [merchant] [info] auto_upgrade_weapons = false
[2026-01-23 17:47:26.865] [merchant] [info] all_items_free = true
[2026-01-23 17:47:26.865] [merchant] [info] Found handle for eldenring.exe process: c:\program files (x86)\steam\steamapps\common\ELDEN RING\Game\eldenring.exe
[2026-01-23 17:47:26.868] [merchant] [info] Waiting for params...
[2026-01-23 17:47:34.882] [merchant] [info] Sleeping an extra 10s to work potential compatibility issues...
[2026-01-23 17:47:44.882] [merchant] [info] Hooking messages...
[2026-01-23 17:47:44.882] [merchant] [info] Detected language "english"
[2026-01-23 17:47:44.883] [merchant] [info] Hooking shops...
[2026-01-23 17:47:44.885] [merchant] [info] Hooking talkscripts...
[2026-01-23 17:47:44.961] [merchant] [info] Initialized mod
[2026-01-23 17:48:51.303] [merchant] [info] Deinitialized mod
[2026-01-23 17:48:57.006] [merchant] [info] Glorious Merchant version 1.2.1
[2026-01-23 17:48:57.006] [merchant] [info] Loading config from C:\Program Files (x86)\ModEngine-2.1.0.0-win64\ermerchant.ini
[2026-01-23 17:48:57.006] [merchant] [info] auto_upgrade_weapons = false
[2026-01-23 17:48:57.006] [merchant] [info] all_items_free = true
[2026-01-23 17:48:57.006] [merchant] [info] Found handle for eldenring.exe process: c:\program files (x86)\steam\steamapps\common\ELDEN RING\Game\eldenring.exe
[2026-01-23 17:48:57.010] [merchant] [info] Waiting for params...
[2026-01-23 17:49:05.017] [merchant] [info] Sleeping an extra 10s to work potential compatibility issues...
[2026-01-23 17:49:15.017] [merchant] [info] Hooking messages...
[2026-01-23 17:49:15.017] [merchant] [info] Detected language "english"
[2026-01-23 17:49:15.018] [merchant] [info] Hooking shops...
[2026-01-23 17:49:15.020] [merchant] [info] Hooking talkscripts...
[2026-01-23 17:49:15.079] [merchant] [info] Initialized mod
[2026-01-23 17:50:21.488] [merchant] [info] Deinitialized mod
[2026-01-23 17:56:56.028] [merchant] [info] Glorious Merchant version 1.2.1
[2026-01-23 17:56:56.028] [merchant] [info] Loading config from C:\Program Files (x86)\ModEngine-2.1.0.0-win64\ermerchant.ini
[2026-01-23 17:56:56.028] [merchant] [info] auto_upgrade_weapons = false
[2026-01-23 17:56:56.028] [merchant] [info] all_items_free = true
[2026-01-23 17:56:56.028] [merchant] [info] Found handle for eldenring.exe process: c:\program files (x86)\steam\steamapps\common\ELDEN RING\Game\eldenring.exe
[2026-01-23 17:56:56.032] [merchant] [info] Waiting for params...
[2026-01-23 17:57:04.038] [merchant] [info] Sleeping an extra 10s to work potential compatibility issues...
[2026-01-23 17:57:14.038] [merchant] [info] Hooking messages...
[2026-01-23 17:57:14.038] [merchant] [info] Detected language "english"
[2026-01-23 17:57:14.039] [merchant] [info] Hooking shops...
[2026-01-23 17:57:14.041] [merchant] [info] Hooking talkscripts...
[2026-01-23 17:57:14.115] [merchant] [info] Initialized mod
[2026-01-23 17:58:53.801] [merchant] [info] Deinitialized mod
[2026-01-23 18:12:03.830] [merchant] [info] Glorious Merchant version 1.2.1
[2026-01-23 18:12:03.830] [merchant] [info] Loading config from C:\Program Files (x86)\ModEngine-2.1.0.0-win64\ermerchant.ini
[2026-01-23 18:12:03.830] [merchant] [info] auto_upgrade_weapons = false
[2026-01-23 18:12:03.830] [merchant] [info] all_items_free = true
[2026-01-23 18:12:03.830] [merchant] [info] Found handle for eldenring.exe process: c:\program files (x86)\steam\steamapps\common\ELDEN RING\Game\eldenring.exe
[2026-01-23 18:12:03.834] [merchant] [info] Waiting for params...
[2026-01-23 18:12:11.850] [merchant] [info] Sleeping an extra 10s to work potential compatibility issues...
[2026-01-23 18:12:21.850] [merchant] [info] Hooking messages...
[2026-01-23 18:12:21.850] [merchant] [info] Detected language "english"
[2026-01-23 18:12:21.851] [merchant] [info] Hooking shops...
[2026-01-23 18:12:21.853] [merchant] [info] Hooking talkscripts...
[2026-01-23 18:12:21.929] [merchant] [info] Initialized mod
[2026-01-23 18:19:01.665] [merchant] [info] Deinitialized mod
[2026-01-23 18:19:36.986] [merchant] [info] Glorious Merchant version 1.2.1
[2026-01-23 18:19:36.986] [merchant] [info] Loading config from C:\Program Files (x86)\ModEngine-2.1.0.0-win64\ermerchant.ini
[2026-01-23 18:19:36.986] [merchant] [info] auto_upgrade_weapons = false
[2026-01-23 18:19:36.986] [merchant] [info] all_items_free = true
[2026-01-23 18:19:36.986] [merchant] [info] Found handle for eldenring.exe process: c:\program files (x86)\steam\steamapps\common\ELDEN RING\Game\eldenring.exe
[2026-01-23 18:19:36.990] [merchant] [info] Waiting for params...
[2026-01-23 18:19:45.001] [merchant] [info] Sleeping an extra 10s to work potential compatibility issues...
[2026-01-23 18:19:55.001] [merchant] [info] Hooking messages...
[2026-01-23 18:19:55.001] [merchant] [info] Detected language "english"
[2026-01-23 18:19:55.002] [merchant] [info] Hooking shops...
[2026-01-23 18:19:55.005] [merchant] [info] Hooking talkscripts...
[2026-01-23 18:19:55.113] [merchant] [info] Initialized mod
[2026-01-23 18:21:34.826] [merchant] [info] Deinitialized mod
[2026-01-23 18:21:49.518] [merchant] [info] Glorious Merchant version 1.2.1
[2026-01-23 18:21:49.519] [merchant] [info] Loading config from C:\Program Files (x86)\ModEngine-2.1.0.0-win64\ermerchant.ini
[2026-01-23 18:21:49.519] [merchant] [info] auto_upgrade_weapons = false
[2026-01-23 18:21:49.519] [merchant] [info] all_items_free = true
[2026-01-23 18:21:49.519] [merchant] [info] Found handle for eldenring.exe process: c:\program files (x86)\steam\steamapps\common\ELDEN RING\Game\eldenring.exe
[2026-01-23 18:21:49.522] [merchant] [info] Waiting for params...
[2026-01-23 18:21:57.542] [merchant] [info] Sleeping an extra 10s to work potential compatibility issues...
[2026-01-23 18:22:07.542] [merchant] [info] Hooking messages...
[2026-01-23 18:22:07.542] [merchant] [info] Detected language "english"
[2026-01-23 18:22:07.543] [merchant] [info] Hooking shops...
[2026-01-23 18:22:07.545] [merchant] [info] Hooking talkscripts...
[2026-01-23 18:22:07.617] [merchant] [info] Initialized mod
[2026-01-23 18:23:14.003] [merchant] [info] Deinitialized mod
[2026-01-23 18:23:52.144] [merchant] [info] Glorious Merchant version 1.2.1
[2026-01-23 18:23:52.144] [merchant] [info] Loading config from C:\Program Files (x86)\ModEngine-2.1.0.0-win64\ermerchant.ini
[2026-01-23 18:23:52.144] [merchant] [info] auto_upgrade_weapons = false
[2026-01-23 18:23:52.144] [merchant] [info] all_items_free = true
[2026-01-23 18:23:52.144] [merchant] [info] Found handle for eldenring.exe process: c:\program files (x86)\steam\steamapps\common\ELDEN RING\Game\eldenring.exe
[2026-01-23 18:23:52.148] [merchant] [info] Waiting for params...
[2026-01-23 18:24:00.162] [merchant] [info] Sleeping an extra 10s to work potential compatibility issues...
[2026-01-23 18:24:10.162] [merchant] [info] Hooking messages...
[2026-01-23 18:24:10.162] [merchant] [info] Detected language "english"
[2026-01-23 18:24:10.163] [merchant] [info] Hooking shops...
[2026-01-23 18:24:10.165] [merchant] [info] Hooking talkscripts...
[2026-01-23 18:24:10.236] [merchant] [info] Initialized mod
[2026-01-23 18:25:18.626] [merchant] [info] Deinitialized mod
[2026-01-23 18:25:34.512] [merchant] [info] Glorious Merchant version 1.2.1
[2026-01-23 18:25:34.512] [merchant] [info] Loading config from C:\Program Files (x86)\ModEngine-2.1.0.0-win64\ermerchant.ini
[2026-01-23 18:25:34.512] [merchant] [info] auto_upgrade_weapons = false
[2026-01-23 18:25:34.512] [merchant] [info] all_items_free = true
[2026-01-23 18:25:34.513] [merchant] [info] Found handle for eldenring.exe process: c:\program files (x86)\steam\steamapps\common\ELDEN RING\Game\eldenring.exe
[2026-01-23 18:25:34.516] [merchant] [info] Waiting for params...
[2026-01-23 18:25:42.530] [merchant] [info] Sleeping an extra 10s to work potential compatibility issues...
[2026-01-23 18:25:52.531] [merchant] [info] Hooking messages...
[2026-01-23 18:25:52.531] [merchant] [info] Detected language "english"
[2026-01-23 18:25:52.532] [merchant] [info] Hooking shops...
[2026-01-23 18:25:52.534] [merchant] [info] Hooking talkscripts...
[2026-01-23 18:25:52.608] [merchant] [info] Initialized mod
[2026-01-23 18:26:42.290] [merchant] [info] Deinitialized mod
[2026-01-23 18:28:00.488] [merchant] [info] Glorious Merchant version 1.2.1
[2026-01-23 18:28:00.488] [merchant] [info] Loading config from C:\Program Files (x86)\ModEngine-2.1.0.0-win64\ermerchant.ini
[2026-01-23 18:28:00.488] [merchant] [info] auto_upgrade_weapons = false
[2026-01-23 18:28:00.488] [merchant] [info] all_items_free = true
[2026-01-23 18:28:00.488] [merchant] [info] Found handle for eldenring.exe process: c:\program files (x86)\steam\steamapps\common\ELDEN RING\Game\eldenring.exe
[2026-01-23 18:28:00.492] [merchant] [info] Waiting for params...
[2026-01-23 18:28:08.497] [merchant] [info] Sleeping an extra 10s to work potential compatibility issues...
[2026-01-23 18:28:18.497] [merchant] [info] Hooking messages...
[2026-01-23 18:28:18.497] [merchant] [info] Detected language "english"
[2026-01-23 18:28:18.498] [merchant] [info] Hooking shops...
[2026-01-23 18:28:18.500] [merchant] [info] Hooking talkscripts...
[2026-01-23 18:28:18.571] [merchant] [info] Initialized mod
[2026-01-23 18:29:24.923] [merchant] [info] Deinitialized mod
[2026-01-23 18:31:04.150] [merchant] [info] Glorious Merchant version 1.2.1
[2026-01-23 18:31:04.150] [merchant] [info] Loading config from C:\Program Files (x86)\ModEngine-2.1.0.0-win64\ermerchant.ini
[2026-01-23 18:31:04.150] [merchant] [info] auto_upgrade_weapons = false
[2026-01-23 18:31:04.150] [merchant] [info] all_items_free = true
[2026-01-23 18:31:04.150] [merchant] [info] Found handle for eldenring.exe process: c:\program files (x86)\steam\steamapps\common\ELDEN RING\Game\eldenring.exe
[2026-01-23 18:31:04.154] [merchant] [info] Waiting for params...
[2026-01-23 18:31:12.171] [merchant] [info] Sleeping an extra 10s to work potential compatibility issues...
[2026-01-23 18:31:22.170] [merchant] [info] Hooking messages...
[2026-01-23 18:31:22.170] [merchant] [info] Detected language "english"
[2026-01-23 18:31:22.171] [merchant] [info] Hooking shops...
[2026-01-23 18:31:22.174] [merchant] [info] Hooking talkscripts...
[2026-01-23 18:31:22.264] [merchant] [info] Initialized mod
[2026-01-23 18:33:01.908] [merchant] [info] Deinitialized mod
[2026-01-23 18:42:33.324] [merchant] [info] Glorious Merchant version 1.2.1
[2026-01-23 18:42:33.324] [merchant] [info] Loading config from C:\Program Files (x86)\ModEngine-2.1.0.0-win64\ermerchant.ini
[2026-01-23 18:42:33.324] [merchant] [info] auto_upgrade_weapons = false
[2026-01-23 18:42:33.324] [merchant] [info] all_items_free = true
[2026-01-23 18:42:33.324] [merchant] [info] Found handle for eldenring.exe process: c:\program files (x86)\steam\steamapps\common\ELDEN RING\Game\eldenring.exe
[2026-01-23 18:42:33.328] [merchant] [info] Waiting for params...
[2026-01-23 18:42:41.334] [merchant] [info] Sleeping an extra 10s to work potential compatibility issues...
[2026-01-23 18:42:51.335] [merchant] [info] Hooking messages...
[2026-01-23 18:42:51.335] [merchant] [info] Detected language "english"
[2026-01-23 18:42:51.336] [merchant] [info] Hooking shops...
[2026-01-23 18:42:51.338] [merchant] [info] Hooking talkscripts...
[2026-01-23 18:42:51.442] [merchant] [info] Initialized mod
[2026-01-23 18:43:41.078] [merchant] [info] Deinitialized mod
[2026-01-23 18:47:51.985] [merchant] [info] Glorious Merchant version 1.2.1
[2026-01-23 18:47:51.985] [merchant] [info] Loading config from C:\Program Files (x86)\ModEngine-2.1.0.0-win64\ermerchant.ini
[2026-01-23 18:47:51.985] [merchant] [info] auto_upgrade_weapons = false
[2026-01-23 18:47:51.985] [merchant] [info] all_items_free = true
[2026-01-23 18:47:51.985] [merchant] [info] Found handle for eldenring.exe process: c:\program files (x86)\steam\steamapps\common\ELDEN RING\Game\eldenring.exe
[2026-01-23 18:47:51.989] [merchant] [info] Waiting for params...
[2026-01-23 18:47:59.995] [merchant] [info] Sleeping an extra 10s to work potential compatibility issues...
[2026-01-23 18:48:09.996] [merchant] [info] Hooking messages...
[2026-01-23 18:48:09.996] [merchant] [info] Detected language "english"
[2026-01-23 18:48:09.997] [merchant] [info] Hooking shops...
[2026-01-23 18:48:10.000] [merchant] [info] Hooking talkscripts...
[2026-01-23 18:48:10.085] [merchant] [info] Initialized mod
[2026-01-23 18:49:16.449] [merchant] [info] Deinitialized mod
[2026-01-23 18:49:34.568] [merchant] [info] Glorious Merchant version 1.2.1
[2026-01-23 18:49:34.568] [merchant] [info] Loading config from C:\Program Files (x86)\ModEngine-2.1.0.0-win64\ermerchant.ini
[2026-01-23 18:49:34.568] [merchant] [info] auto_upgrade_weapons = false
[2026-01-23 18:49:34.568] [merchant] [info] all_items_free = true
[2026-01-23 18:49:34.568] [merchant] [info] Found handle for eldenring.exe process: c:\program files (x86)\steam\steamapps\common\ELDEN RING\Game\eldenring.exe
[2026-01-23 18:49:34.572] [merchant] [info] Waiting for params...
[2026-01-23 18:49:42.582] [merchant] [info] Sleeping an extra 10s to work potential compatibility issues...
[2026-01-23 18:49:52.582] [merchant] [info] Hooking messages...
[2026-01-23 18:49:52.583] [merchant] [info] Detected language "english"
[2026-01-23 18:49:52.583] [merchant] [info] Hooking shops...
[2026-01-23 18:49:52.586] [merchant] [info] Hooking talkscripts...
[2026-01-23 18:49:52.656] [merchant] [info] Initialized mod
[2026-01-23 18:51:32.385] [merchant] [info] Deinitialized mod
[2026-01-23 19:03:28.511] [merchant] [info] Glorious Merchant version 1.2.1
[2026-01-23 19:03:28.511] [merchant] [info] Loading config from C:\Program Files (x86)\ModEngine-2.1.0.0-win64\ermerchant.ini
[2026-01-23 19:03:28.511] [merchant] [info] auto_upgrade_weapons = false
[2026-01-23 19:03:28.511] [merchant] [info] all_items_free = true
[2026-01-23 19:03:28.511] [merchant] [info] Found handle for eldenring.exe process: c:\program files (x86)\steam\steamapps\common\ELDEN RING\Game\eldenring.exe
[2026-01-23 19:03:28.515] [merchant] [info] Waiting for params...
[2026-01-23 19:03:37.522] [merchant] [info] Sleeping an extra 10s to work potential compatibility issues...
[2026-01-23 19:03:47.523] [merchant] [info] Hooking messages...
[2026-01-23 19:03:47.523] [merchant] [info] Detected language "english"
[2026-01-23 19:03:47.524] [merchant] [info] Hooking shops...
[2026-01-23 19:03:47.526] [merchant] [info] Hooking talkscripts...
[2026-01-23 19:03:47.608] [merchant] [info] Initialized mod
[2026-01-23 19:04:36.276] [merchant] [info] Deinitialized mod
[2026-01-23 19:05:01.184] [merchant] [info] Glorious Merchant version 1.2.1
[2026-01-23 19:05:01.184] [merchant] [info] Loading config from C:\Program Files (x86)\ModEngine-2.1.0.0-win64\ermerchant.ini
[2026-01-23 19:05:01.184] [merchant] [info] auto_upgrade_weapons = false
[2026-01-23 19:05:01.184] [merchant] [info] all_items_free = true
[2026-01-23 19:05:01.184] [merchant] [info] Found handle for eldenring.exe process: c:\program files (x86)\steam\steamapps\common\ELDEN RING\Game\eldenring.exe
[2026-01-23 19:05:01.188] [merchant] [info] Waiting for params...
[2026-01-23 19:05:09.201] [merchant] [info] Sleeping an extra 10s to work potential compatibility issues...
[2026-01-23 19:05:19.202] [merchant] [info] Hooking messages...
[2026-01-23 19:05:19.202] [merchant] [info] Detected language "english"
[2026-01-23 19:05:19.203] [merchant] [info] Hooking shops...
[2026-01-23 19:05:19.205] [merchant] [info] Hooking talkscripts...
[2026-01-23 19:05:19.296] [merchant] [info] Initialized mod
[2026-01-23 19:06:25.660] [merchant] [info] Deinitialized mod
[2026-01-23 19:10:41.978] [merchant] [info] Glorious Merchant version 1.2.1
[2026-01-23 19:10:41.978] [merchant] [info] Loading config from C:\Program Files (x86)\ModEngine-2.1.0.0-win64\ermerchant.ini
[2026-01-23 19:10:41.978] [merchant] [info] auto_upgrade_weapons = false
[2026-01-23 19:10:41.978] [merchant] [info] all_items_free = true
[2026-01-23 19:10:41.978] [merchant] [info] Found handle for eldenring.exe process: c:\program files (x86)\steam\steamapps\common\ELDEN RING\Game\eldenring.exe
[2026-01-23 19:10:41.982] [merchant] [info] Waiting for params...
[2026-01-23 19:10:51.001] [merchant] [info] Sleeping an extra 10s to work potential compatibility issues...
[2026-01-23 19:11:01.001] [merchant] [info] Hooking messages...
[2026-01-23 19:11:01.001] [merchant] [info] Detected language "english"
[2026-01-23 19:11:01.001] [merchant] [info] Hooking shops...
[2026-01-23 19:11:01.004] [merchant] [info] Hooking talkscripts...
[2026-01-23 19:11:01.077] [merchant] [info] Initialized mod
[2026-01-23 19:12:56.527] [merchant] [info] Deinitialized mod
[2026-01-23 19:13:28.957] [merchant] [info] Glorious Merchant version 1.2.1
[2026-01-23 19:13:28.957] [merchant] [info] Loading config from C:\Program Files (x86)\ModEngine-2.1.0.0-win64\ermerchant.ini
[2026-01-23 19:13:28.957] [merchant] [info] auto_upgrade_weapons = false
[2026-01-23 19:13:28.957] [merchant] [info] all_items_free = true
[2026-01-23 19:13:28.957] [merchant] [info] Found handle for eldenring.exe process: c:\program files (x86)\steam\steamapps\common\ELDEN RING\Game\eldenring.exe
[2026-01-23 19:13:28.961] [merchant] [info] Waiting for params...
[2026-01-23 19:13:36.973] [merchant] [info] Sleeping an extra 10s to work potential compatibility issues...
[2026-01-23 19:13:46.973] [merchant] [info] Hooking messages...
[2026-01-23 19:13:46.973] [merchant] [info] Detected language "english"
[2026-01-23 19:13:46.974] [merchant] [info] Hooking shops...
[2026-01-23 19:13:46.977] [merchant] [info] Hooking talkscripts...
[2026-01-23 19:13:47.048] [merchant] [info] Initialized mod
[2026-01-23 19:14:36.739] [merchant] [info] Deinitialized mod
[2026-01-23 19:33:13.126] [merchant] [info] Glorious Merchant version 1.2.1
[2026-01-23 19:33:13.126] [merchant] [info] Loading config from C:\Program Files (x86)\ModEngine-2.1.0.0-win64\ermerchant.ini
[2026-01-23 19:33:13.126] [merchant] [info] auto_upgrade_weapons = false
[2026-01-23 19:33:13.126] [merchant] [info] all_items_free = true
[2026-01-23 19:33:13.126] [merchant] [info] Found handle for eldenring.exe process: c:\program files (x86)\steam\steamapps\common\ELDEN RING\Game\eldenring.exe
[2026-01-23 19:33:13.130] [merchant] [info] Waiting for params...
[2026-01-23 19:33:21.150] [merchant] [info] Sleeping an extra 10s to work potential compatibility issues...
[2026-01-23 19:33:31.151] [merchant] [info] Hooking messages...
[2026-01-23 19:33:31.151] [merchant] [info] Detected language "english"
[2026-01-23 19:33:31.152] [merchant] [info] Hooking shops...
[2026-01-23 19:33:31.154] [merchant] [info] Hooking talkscripts...
[2026-01-23 19:33:31.229] [merchant] [info] Initialized mod
[2026-01-23 19:35:44.283] [merchant] [info] Deinitialized mod
