[2026-01-19 00:07:54.432] [merchant] [info] Deinitialized mod
[2026-01-19 00:10:42.636] [merchant] [info] Glorious Merchant version 1.2.1
[2026-01-19 00:10:42.637] [merchant] [info] Loading config from C:\Program Files (x86)\ModEngine-2.1.0.0-win64\ermerchant.ini
[2026-01-19 00:10:42.641] [merchant] [info] auto_upgrade_weapons = false
[2026-01-19 00:10:42.641] [merchant] [info] all_items_free = true
[2026-01-19 00:10:42.641] [merchant] [info] Found handle for eldenring.exe process: c:\program files (x86)\steam\steamapps\common\ELDEN RING\Game\eldenring.exe
[2026-01-19 00:10:42.642] [merchant] [info] Waiting for params...
[2026-01-19 00:10:51.650] [merchant] [info] Sleeping an extra 10s to work potential compatibility issues...
[2026-01-19 00:11:01.650] [merchant] [info] Hooking messages...
[2026-01-19 00:11:01.651] [merchant] [info] Detected language "english"
[2026-01-19 00:11:01.651] [merchant] [info] Hooking shops...
[2026-01-19 00:11:01.654] [merchant] [info] Hooking talkscripts...
[2026-01-19 00:11:01.736] [merchant] [info] Initialized mod
[2026-01-19 00:14:03.726] [merchant] [info] Deinitialized mod
[2026-01-19 00:25:16.010] [merchant] [info] Glorious Merchant version 1.2.1
[2026-01-19 00:25:16.010] [merchant] [info] Loading config from C:\Program Files (x86)\ModEngine-2.1.0.0-win64\ermerchant.ini
[2026-01-19 00:25:16.010] [merchant] [info] auto_upgrade_weapons = false
[2026-01-19 00:25:16.010] [merchant] [info] all_items_free = true
[2026-01-19 00:25:16.010] [merchant] [info] Found handle for eldenring.exe process: c:\program files (x86)\steam\steamapps\common\ELDEN RING\Game\eldenring.exe
[2026-01-19 00:25:16.014] [merchant] [info] Waiting for params...
[2026-01-19 00:25:24.023] [merchant] [info] Sleeping an extra 10s to work potential compatibility issues...
[2026-01-19 00:25:34.023] [merchant] [info] Hooking messages...
[2026-01-19 00:25:34.023] [merchant] [info] Detected language "english"
[2026-01-19 00:25:34.024] [merchant] [info] Hooking shops...
[2026-01-19 00:25:34.027] [merchant] [info] Hooking talkscripts...
[2026-01-19 00:25:34.123] [merchant] [info] Initialized mod
[2026-01-19 00:29:13.036] [merchant] [info] Patching state group x51
[2026-01-19 00:32:47.237] [merchant] [info] Deinitialized mod
[2026-01-19 00:50:30.326] [merchant] [info] Glorious Merchant version 1.2.1
[2026-01-19 00:50:30.327] [merchant] [info] Loading config from C:\Program Files (x86)\ModEngine-2.1.0.0-win64\ermerchant.ini
[2026-01-19 00:50:30.327] [merchant] [info] auto_upgrade_weapons = false
[2026-01-19 00:50:30.327] [merchant] [info] all_items_free = true
[2026-01-19 00:50:30.327] [merchant] [info] Found handle for eldenring.exe process: c:\program files (x86)\steam\steamapps\common\ELDEN RING\Game\eldenring.exe
[2026-01-19 00:50:30.332] [merchant] [info] Waiting for params...
[2026-01-19 00:50:38.349] [merchant] [info] Sleeping an extra 10s to work potential compatibility issues...
[2026-01-19 00:50:48.349] [merchant] [info] Hooking messages...
[2026-01-19 00:50:48.349] [merchant] [info] Detected language "english"
[2026-01-19 00:50:48.350] [merchant] [info] Hooking shops...
[2026-01-19 00:50:48.353] [merchant] [info] Hooking talkscripts...
[2026-01-19 00:50:48.429] [merchant] [info] Initialized mod
[2026-01-19 00:54:08.166] [merchant] [info] Deinitialized mod
[2026-01-19 00:55:31.483] [merchant] [info] Glorious Merchant version 1.2.1
[2026-01-19 00:55:31.483] [merchant] [info] Loading config from C:\Program Files (x86)\ModEngine-2.1.0.0-win64\ermerchant.ini
[2026-01-19 00:55:31.483] [merchant] [info] auto_upgrade_weapons = false
[2026-01-19 00:55:31.483] [merchant] [info] all_items_free = true
[2026-01-19 00:55:31.483] [merchant] [info] Found handle for eldenring.exe process: c:\program files (x86)\steam\steamapps\common\ELDEN RING\Game\eldenring.exe
[2026-01-19 00:55:31.487] [merchant] [info] Waiting for params...
[2026-01-19 00:55:40.504] [merchant] [info] Sleeping an extra 10s to work potential compatibility issues...
[2026-01-19 00:55:50.504] [merchant] [info] Hooking messages...
[2026-01-19 00:55:50.504] [merchant] [info] Detected language "english"
[2026-01-19 00:55:50.505] [merchant] [info] Hooking shops...
[2026-01-19 00:55:50.508] [merchant] [info] Hooking talkscripts...
[2026-01-19 00:55:50.577] [merchant] [info] Initialized mod
[2026-01-19 00:59:09.383] [merchant] [info] Deinitialized mod
[2026-01-19 00:59:37.969] [merchant] [info] Glorious Merchant version 1.2.1
[2026-01-19 00:59:37.969] [merchant] [info] Loading config from C:\Program Files (x86)\ModEngine-2.1.0.0-win64\ermerchant.ini
[2026-01-19 00:59:37.970] [merchant] [info] auto_upgrade_weapons = false
[2026-01-19 00:59:37.970] [merchant] [info] all_items_free = true
[2026-01-19 00:59:37.970] [merchant] [info] Found handle for eldenring.exe process: c:\program files (x86)\steam\steamapps\common\ELDEN RING\Game\eldenring.exe
[2026-01-19 00:59:37.974] [merchant] [info] Waiting for params...
[2026-01-19 00:59:46.990] [merchant] [info] Sleeping an extra 10s to work potential compatibility issues...
[2026-01-19 00:59:56.991] [merchant] [info] Hooking messages...
[2026-01-19 00:59:56.992] [merchant] [info] Detected language "english"
[2026-01-19 00:59:56.992] [merchant] [info] Hooking shops...
[2026-01-19 00:59:56.995] [merchant] [info] Hooking talkscripts...
[2026-01-19 00:59:57.057] [merchant] [info] Initialized mod
[2026-01-19 01:02:09.184] [merchant] [info] Deinitialized mod
[2026-01-19 01:06:16.617] [merchant] [info] Glorious Merchant version 1.2.1
[2026-01-19 01:06:16.617] [merchant] [info] Loading config from C:\Program Files (x86)\ModEngine-2.1.0.0-win64\ermerchant.ini
[2026-01-19 01:06:16.617] [merchant] [info] auto_upgrade_weapons = false
[2026-01-19 01:06:16.617] [merchant] [info] all_items_free = true
[2026-01-19 01:06:16.617] [merchant] [info] Found handle for eldenring.exe process: c:\program files (x86)\steam\steamapps\common\ELDEN RING\Game\eldenring.exe
[2026-01-19 01:06:16.621] [merchant] [info] Waiting for params...
[2026-01-19 01:06:25.625] [merchant] [info] Sleeping an extra 10s to work potential compatibility issues...
[2026-01-19 01:06:35.626] [merchant] [info] Hooking messages...
[2026-01-19 01:06:35.626] [merchant] [info] Detected language "english"
[2026-01-19 01:06:35.627] [merchant] [info] Hooking shops...
[2026-01-19 01:06:35.630] [merchant] [info] Hooking talkscripts...
[2026-01-19 01:06:35.686] [merchant] [info] Initialized mod
[2026-01-19 01:09:54.499] [merchant] [info] Deinitialized mod
[2026-01-19 01:10:03.357] [merchant] [info] Glorious Merchant version 1.2.1
[2026-01-19 01:10:03.357] [merchant] [info] Loading config from C:\Program Files (x86)\ModEngine-2.1.0.0-win64\ermerchant.ini
[2026-01-19 01:10:03.358] [merchant] [info] auto_upgrade_weapons = false
[2026-01-19 01:10:03.358] [merchant] [info] all_items_free = true
[2026-01-19 01:10:03.358] [merchant] [info] Found handle for eldenring.exe process: c:\program files (x86)\steam\steamapps\common\ELDEN RING\Game\eldenring.exe
[2026-01-19 01:10:03.362] [merchant] [info] Waiting for params...
[2026-01-19 01:10:11.373] [merchant] [info] Sleeping an extra 10s to work potential compatibility issues...
[2026-01-19 01:10:21.374] [merchant] [info] Hooking messages...
[2026-01-19 01:10:21.375] [merchant] [info] Detected language "english"
[2026-01-19 01:10:21.375] [merchant] [info] Hooking shops...
[2026-01-19 01:10:21.378] [merchant] [info] Hooking talkscripts...
[2026-01-19 01:10:21.441] [merchant] [info] Initialized mod
[2026-01-19 01:12:01.236] [merchant] [info] Deinitialized mod
[2026-01-19 14:31:30.509] [merchant] [info] Glorious Merchant version 1.2.1
[2026-01-19 14:31:30.509] [merchant] [info] Loading config from C:\Program Files (x86)\ModEngine-2.1.0.0-win64\ermerchant.ini
[2026-01-19 14:31:30.513] [merchant] [info] auto_upgrade_weapons = false
[2026-01-19 14:31:30.513] [merchant] [info] all_items_free = true
[2026-01-19 14:31:30.513] [merchant] [info] Found handle for eldenring.exe process: c:\program files (x86)\steam\steamapps\common\ELDEN RING\Game\eldenring.exe
[2026-01-19 14:31:30.541] [merchant] [info] Waiting for params...
[2026-01-19 14:31:40.561] [merchant] [info] Sleeping an extra 10s to work potential compatibility issues...
[2026-01-19 14:31:50.561] [merchant] [info] Hooking messages...
[2026-01-19 14:31:50.561] [merchant] [info] Detected language "english"
[2026-01-19 14:31:50.562] [merchant] [info] Hooking shops...
[2026-01-19 14:31:50.573] [merchant] [info] Hooking talkscripts...
[2026-01-19 14:31:50.647] [merchant] [info] Initialized mod
[2026-01-19 14:36:09.339] [merchant] [info] Patching state group x51
[2026-01-19 14:37:06.284] [merchant] [info] Deinitialized mod
[2026-01-19 14:37:29.202] [merchant] [info] Glorious Merchant version 1.2.1
[2026-01-19 14:37:29.202] [merchant] [info] Loading config from C:\Program Files (x86)\ModEngine-2.1.0.0-win64\ermerchant.ini
[2026-01-19 14:37:29.202] [merchant] [info] auto_upgrade_weapons = false
[2026-01-19 14:37:29.202] [merchant] [info] all_items_free = true
[2026-01-19 14:37:29.203] [merchant] [info] Found handle for eldenring.exe process: c:\program files (x86)\steam\steamapps\common\ELDEN RING\Game\eldenring.exe
[2026-01-19 14:37:29.207] [merchant] [info] Waiting for params...
[2026-01-19 14:37:38.222] [merchant] [info] Sleeping an extra 10s to work potential compatibility issues...
[2026-01-19 14:37:48.222] [merchant] [info] Hooking messages...
[2026-01-19 14:37:48.222] [merchant] [info] Detected language "english"
[2026-01-19 14:37:48.223] [merchant] [info] Hooking shops...
[2026-01-19 14:37:48.225] [merchant] [info] Hooking talkscripts...
[2026-01-19 14:37:48.291] [merchant] [info] Initialized mod
[2026-01-19 14:38:37.733] [merchant] [info] Patching state group x51
[2026-01-19 14:44:43.680] [merchant] [info] Deinitialized mod
[2026-01-19 14:48:51.126] [merchant] [info] Glorious Merchant version 1.2.1
[2026-01-19 14:48:51.126] [merchant] [info] Loading config from C:\Program Files (x86)\ModEngine-2.1.0.0-win64\ermerchant.ini
[2026-01-19 14:48:51.126] [merchant] [info] auto_upgrade_weapons = false
[2026-01-19 14:48:51.126] [merchant] [info] all_items_free = true
[2026-01-19 14:48:51.126] [merchant] [info] Found handle for eldenring.exe process: c:\program files (x86)\steam\steamapps\common\ELDEN RING\Game\eldenring.exe
[2026-01-19 14:48:51.130] [merchant] [info] Waiting for params...
[2026-01-19 14:48:59.141] [merchant] [info] Sleeping an extra 10s to work potential compatibility issues...
[2026-01-19 14:49:09.140] [merchant] [info] Hooking messages...
[2026-01-19 14:49:09.141] [merchant] [info] Detected language "english"
[2026-01-19 14:49:09.141] [merchant] [info] Hooking shops...
[2026-01-19 14:49:09.144] [merchant] [info] Hooking talkscripts...
[2026-01-19 14:49:09.198] [merchant] [info] Initialized mod
[2026-01-19 14:49:42.819] [merchant] [info] Patching state group x51
[2026-01-19 14:50:48.861] [merchant] [info] Deinitialized mod
[2026-01-19 14:52:09.705] [merchant] [info] Glorious Merchant version 1.2.1
[2026-01-19 14:52:09.705] [merchant] [info] Loading config from C:\Program Files (x86)\ModEngine-2.1.0.0-win64\ermerchant.ini
[2026-01-19 14:52:09.705] [merchant] [info] auto_upgrade_weapons = false
[2026-01-19 14:52:09.705] [merchant] [info] all_items_free = true
[2026-01-19 14:52:09.705] [merchant] [info] Found handle for eldenring.exe process: c:\program files (x86)\steam\steamapps\common\ELDEN RING\Game\eldenring.exe
[2026-01-19 14:52:09.709] [merchant] [info] Waiting for params...
[2026-01-19 14:52:17.714] [merchant] [info] Sleeping an extra 10s to work potential compatibility issues...
[2026-01-19 14:52:27.714] [merchant] [info] Hooking messages...
[2026-01-19 14:52:27.715] [merchant] [info] Detected language "english"
[2026-01-19 14:52:27.716] [merchant] [info] Hooking shops...
[2026-01-19 14:52:27.718] [merchant] [info] Hooking talkscripts...
[2026-01-19 14:52:27.781] [merchant] [info] Initialized mod
[2026-01-19 14:53:00.715] [merchant] [info] Deinitialized mod
[2026-01-19 14:53:22.167] [merchant] [info] Glorious Merchant version 1.2.1
[2026-01-19 14:53:22.176] [merchant] [info] Loading config from C:\Program Files (x86)\ModEngine-2.1.0.0-win64\ermerchant.ini
[2026-01-19 14:53:22.176] [merchant] [info] auto_upgrade_weapons = false
[2026-01-19 14:53:22.176] [merchant] [info] all_items_free = true
[2026-01-19 14:53:22.176] [merchant] [info] Found handle for eldenring.exe process: c:\program files (x86)\steam\steamapps\common\ELDEN RING\Game\eldenring.exe
[2026-01-19 14:53:22.177] [merchant] [info] Waiting for params...
[2026-01-19 14:53:30.180] [merchant] [info] Sleeping an extra 10s to work potential compatibility issues...
[2026-01-19 14:53:40.179] [merchant] [info] Hooking messages...
[2026-01-19 14:53:40.180] [merchant] [info] Detected language "english"
[2026-01-19 14:53:40.180] [merchant] [info] Hooking shops...
[2026-01-19 14:53:40.183] [merchant] [info] Hooking talkscripts...
[2026-01-19 14:53:40.264] [merchant] [info] Initialized mod
[2026-01-19 14:58:06.685] [merchant] [info] Deinitialized mod
[2026-01-19 15:00:21.447] [merchant] [info] Glorious Merchant version 1.2.1
[2026-01-19 15:00:21.447] [merchant] [info] Loading config from C:\Program Files (x86)\ModEngine-2.1.0.0-win64\ermerchant.ini
[2026-01-19 15:00:21.447] [merchant] [info] auto_upgrade_weapons = false
[2026-01-19 15:00:21.447] [merchant] [info] all_items_free = true
[2026-01-19 15:00:21.447] [merchant] [info] Found handle for eldenring.exe process: c:\program files (x86)\steam\steamapps\common\ELDEN RING\Game\eldenring.exe
[2026-01-19 15:00:21.451] [merchant] [info] Waiting for params...
[2026-01-19 15:00:30.464] [merchant] [info] Sleeping an extra 10s to work potential compatibility issues...
[2026-01-19 15:00:40.464] [merchant] [info] Hooking messages...
[2026-01-19 15:00:40.465] [merchant] [info] Detected language "english"
[2026-01-19 15:00:40.465] [merchant] [info] Hooking shops...
[2026-01-19 15:00:40.468] [merchant] [info] Hooking talkscripts...
[2026-01-19 15:00:40.525] [merchant] [info] Initialized mod
[2026-01-19 15:05:22.559] [merchant] [info] Deinitialized mod
[2026-01-19 15:22:05.806] [merchant] [info] Glorious Merchant version 1.2.1
[2026-01-19 15:22:05.806] [merchant] [info] Loading config from C:\Program Files (x86)\ModEngine-2.1.0.0-win64\ermerchant.ini
[2026-01-19 15:22:05.806] [merchant] [info] auto_upgrade_weapons = false
[2026-01-19 15:22:05.806] [merchant] [info] all_items_free = true
[2026-01-19 15:22:05.806] [merchant] [info] Found handle for eldenring.exe process: c:\program files (x86)\steam\steamapps\common\ELDEN RING\Game\eldenring.exe
[2026-01-19 15:22:05.810] [merchant] [info] Waiting for params...
[2026-01-19 15:22:14.829] [merchant] [info] Sleeping an extra 10s to work potential compatibility issues...
[2026-01-19 15:22:24.829] [merchant] [info] Hooking messages...
[2026-01-19 15:22:24.829] [merchant] [info] Detected language "english"
[2026-01-19 15:22:24.830] [merchant] [info] Hooking shops...
[2026-01-19 15:22:24.833] [merchant] [info] Hooking talkscripts...
[2026-01-19 15:22:24.905] [merchant] [info] Initialized mod
[2026-01-19 15:24:36.959] [merchant] [info] Deinitialized mod
[2026-01-19 16:57:40.037] [merchant] [info] Glorious Merchant version 1.2.1
[2026-01-19 16:57:40.037] [merchant] [info] Loading config from C:\Program Files (x86)\ModEngine-2.1.0.0-win64\ermerchant.ini
[2026-01-19 16:57:40.037] [merchant] [info] auto_upgrade_weapons = false
[2026-01-19 16:57:40.037] [merchant] [info] all_items_free = true
[2026-01-19 16:57:40.037] [merchant] [info] Found handle for eldenring.exe process: c:\program files (x86)\steam\steamapps\common\ELDEN RING\Game\eldenring.exe
[2026-01-19 16:57:40.041] [merchant] [info] Waiting for params...
[2026-01-19 16:57:48.058] [merchant] [info] Sleeping an extra 10s to work potential compatibility issues...
[2026-01-19 16:57:58.059] [merchant] [info] Hooking messages...
[2026-01-19 16:57:58.059] [merchant] [info] Detected language "english"
[2026-01-19 16:57:58.060] [merchant] [info] Hooking shops...
[2026-01-19 16:57:58.062] [merchant] [info] Hooking talkscripts...
[2026-01-19 16:57:58.151] [merchant] [info] Initialized mod
[2026-01-19 16:59:21.202] [merchant] [info] Deinitialized mod
