[2026-01-18 16:41:45.421] [merchant] [info] Glorious Merchant version 1.2.1
[2026-01-18 16:41:45.421] [merchant] [info] Loading config from C:\Program Files (x86)\ModEngine-2.1.0.0-win64\ermerchant.ini
[2026-01-18 16:41:45.426] [merchant] [info] auto_upgrade_weapons = false
[2026-01-18 16:41:45.426] [merchant] [info] all_items_free = true
[2026-01-18 16:41:45.426] [merchant] [info] Found handle for eldenring.exe process: c:\program files (x86)\steam\steamapps\common\ELDEN RING\Game\eldenring.exe
[2026-01-18 16:41:45.447] [merchant] [info] Waiting for params...
[2026-01-18 16:41:54.461] [merchant] [info] Sleeping an extra 10s to work potential compatibility issues...
[2026-01-18 16:42:04.462] [merchant] [info] Hooking messages...
[2026-01-18 16:42:04.462] [merchant] [info] Detected language "english"
[2026-01-18 16:42:04.462] [merchant] [info] Hooking shops...
[2026-01-18 16:42:04.465] [merchant] [info] Hooking talkscripts...
[2026-01-18 16:42:04.523] [merchant] [info] Initialized mod
[2026-01-18 17:03:10.303] [merchant] [info] Deinitialized mod
[2026-01-18 20:40:01.011] [merchant] [info] Glorious Merchant version 1.2.1
[2026-01-18 20:40:01.011] [merchant] [info] Loading config from C:\Program Files (x86)\ModEngine-2.1.0.0-win64\ermerchant.ini
[2026-01-18 20:40:01.011] [merchant] [info] auto_upgrade_weapons = false
[2026-01-18 20:40:01.011] [merchant] [info] all_items_free = true
[2026-01-18 20:40:01.011] [merchant] [info] Found handle for eldenring.exe process: c:\program files (x86)\steam\steamapps\common\ELDEN RING\Game\eldenring.exe
[2026-01-18 20:40:01.037] [merchant] [info] Waiting for params...
[2026-01-18 20:40:10.046] [merchant] [info] Sleeping an extra 10s to work potential compatibility issues...
[2026-01-18 20:40:20.047] [merchant] [info] Hooking messages...
[2026-01-18 20:40:20.047] [merchant] [info] Detected language "english"
[2026-01-18 20:40:20.047] [merchant] [info] Hooking shops...
[2026-01-18 20:40:20.050] [merchant] [info] Hooking talkscripts...
[2026-01-18 20:40:20.138] [merchant] [info] Initialized mod
[2026-01-18 20:43:38.819] [merchant] [info] Deinitialized mod
[2026-01-18 20:45:16.424] [merchant] [info] Glorious Merchant version 1.2.1
[2026-01-18 20:45:16.424] [merchant] [info] Loading config from C:\Program Files (x86)\ModEngine-2.1.0.0-win64\ermerchant.ini
[2026-01-18 20:45:16.424] [merchant] [info] auto_upgrade_weapons = false
[2026-01-18 20:45:16.424] [merchant] [info] all_items_free = true
[2026-01-18 20:45:16.425] [merchant] [info] Found handle for eldenring.exe process: c:\program files (x86)\steam\steamapps\common\ELDEN RING\Game\eldenring.exe
[2026-01-18 20:45:16.430] [merchant] [info] Waiting for params...
[2026-01-18 20:45:24.446] [merchant] [info] Sleeping an extra 10s to work potential compatibility issues...
[2026-01-18 20:45:34.446] [merchant] [info] Hooking messages...
[2026-01-18 20:45:34.446] [merchant] [info] Detected language "english"
[2026-01-18 20:45:34.447] [merchant] [info] Hooking shops...
[2026-01-18 20:45:34.450] [merchant] [info] Hooking talkscripts...
[2026-01-18 20:45:34.546] [merchant] [info] Initialized mod
[2026-01-18 20:46:47.815] [merchant] [info] Patching state group x51
[2026-01-18 20:49:10.803] [merchant] [info] Deinitialized mod
[2026-01-18 23:52:53.177] [merchant] [info] Glorious Merchant version 1.2.1
[2026-01-18 23:52:53.177] [merchant] [info] Loading config from C:\Program Files (x86)\ModEngine-2.1.0.0-win64\ermerchant.ini
[2026-01-18 23:52:53.181] [merchant] [info] auto_upgrade_weapons = false
[2026-01-18 23:52:53.181] [merchant] [info] all_items_free = true
[2026-01-18 23:52:53.181] [merchant] [info] Found handle for eldenring.exe process: c:\program files (x86)\steam\steamapps\common\ELDEN RING\Game\eldenring.exe
[2026-01-18 23:52:53.182] [merchant] [info] Waiting for params...
[2026-01-18 23:53:02.191] [merchant] [info] Sleeping an extra 10s to work potential compatibility issues...
[2026-01-18 23:53:12.192] [merchant] [info] Hooking messages...
[2026-01-18 23:53:12.192] [merchant] [info] Detected language "english"
[2026-01-18 23:53:12.193] [merchant] [info] Hooking shops...
[2026-01-18 23:53:12.195] [merchant] [info] Hooking talkscripts...
[2026-01-18 23:53:12.271] [merchant] [info] Initialized mod
