[2026-01-17 19:43:19.628] [merchant] [info] Glorious Merchant version 1.2.1
[2026-01-17 19:43:19.628] [merchant] [info] Loading config from C:\Users\Russell\Downloads\ModEngine-2.1.0.0-win64\ModEngine-2.1.0.0-win64\ermerchant.ini
[2026-01-17 19:43:19.628] [merchant] [info] auto_upgrade_weapons = false
[2026-01-17 19:43:19.628] [merchant] [info] all_items_free = true
[2026-01-17 19:43:19.628] [merchant] [info] Found handle for eldenring.exe process: c:\program files (x86)\steam\steamapps\common\ELDEN RING\Game\eldenring.exe
[2026-01-17 19:43:19.629] [merchant] [info] Waiting for params...
[2026-01-17 19:43:27.637] [merchant] [info] Sleeping an extra 10s to work potential compatibility issues...
[2026-01-17 19:43:37.637] [merchant] [info] Hooking messages...
[2026-01-17 19:43:37.637] [merchant] [info] Detected language "english"
[2026-01-17 19:43:37.638] [merchant] [info] Hooking shops...
[2026-01-17 19:43:37.640] [merchant] [info] Hooking talkscripts...
[2026-01-17 19:43:37.701] [merchant] [info] Initialized mod
[2026-01-17 19:51:16.085] [merchant] [info] Patching state group x51
[2026-01-17 20:06:28.483] [merchant] [info] Glorious Merchant version 1.2.1
[2026-01-17 20:06:28.483] [merchant] [info] Loading config from C:\Users\Russell\Downloads\ModEngine-2.1.0.0-win64\ModEngine-2.1.0.0-win64\ermerchant.ini
[2026-01-17 20:06:28.483] [merchant] [info] auto_upgrade_weapons = false
[2026-01-17 20:06:28.483] [merchant] [info] all_items_free = true
[2026-01-17 20:06:28.483] [merchant] [info] Found handle for eldenring.exe process: c:\program files (x86)\steam\steamapps\common\ELDEN RING\Game\eldenring.exe
[2026-01-17 20:06:28.487] [merchant] [info] Waiting for params...
[2026-01-17 20:06:36.499] [merchant] [info] Sleeping an extra 10s to work potential compatibility issues...
[2026-01-17 20:06:46.499] [merchant] [info] Hooking messages...
[2026-01-17 20:06:46.500] [merchant] [info] Detected language "english"
[2026-01-17 20:06:46.500] [merchant] [info] Hooking shops...
[2026-01-17 20:06:46.503] [merchant] [info] Hooking talkscripts...
[2026-01-17 20:06:46.590] [merchant] [info] Initialized mod
[2026-01-17 20:10:39.525] [merchant] [info] Deinitialized mod
[2026-01-17 20:11:46.593] [merchant] [info] Glorious Merchant version 1.2.1
[2026-01-17 20:11:46.593] [merchant] [info] Loading config from C:\Users\Russell\Downloads\ModEngine-2.1.0.0-win64\ModEngine-2.1.0.0-win64\ermerchant.ini
[2026-01-17 20:11:46.593] [merchant] [info] auto_upgrade_weapons = false
[2026-01-17 20:11:46.593] [merchant] [info] all_items_free = true
[2026-01-17 20:11:46.593] [merchant] [info] Found handle for eldenring.exe process: c:\program files (x86)\steam\steamapps\common\ELDEN RING\Game\eldenring.exe
[2026-01-17 20:11:46.597] [merchant] [info] Waiting for params...
[2026-01-17 20:11:54.601] [merchant] [info] Sleeping an extra 10s to work potential compatibility issues...
[2026-01-17 20:12:04.602] [merchant] [info] Hooking messages...
[2026-01-17 20:12:04.602] [merchant] [info] Detected language "english"
[2026-01-17 20:12:04.603] [merchant] [info] Hooking shops...
[2026-01-17 20:12:04.605] [merchant] [info] Hooking talkscripts...
[2026-01-17 20:12:04.668] [merchant] [info] Initialized mod
[2026-01-17 20:13:44.303] [merchant] [info] Deinitialized mod
